"../../../../unreal projects/Escape/Content/BPs/Actors_and_shit/HUD.uasset" 0
"../../../../unreal projects/Escape/Content/BPs/HUD_Show.uasset" 1
"../../../../unreal projects/Escape/Content/BPs/Actors_and_shit/7421945388655969288_1.uasset" 2
"../../../../unreal projects/Escape/Content/BPs/Actors_and_shit/StartButtonNormal.uasset" 3
"../../../../unreal projects/Escape/Content/BPs/Actors_and_shit/StartButtonPressed.uasset" 4
"../../../../unreal projects/Escape/Content/BPs/Actors_and_shit/Normal_Main_Menu.uasset" 5
"../../../../unreal projects/Escape/Content/BPs/Actors_and_shit/Main_Menu.uasset" 6
"../../../../unreal projects/Escape/Content/BPs/Actors_and_shit/UI_Start.uasset" 7
"../../../../unreal projects/Escape/Content/Imported_Stuff/Brass.uasset" 8
"../../../../unreal projects/Escape/Content/Megascans/Surfaces/Studded_Wooden_Table_top_00/ululdhwfw_2K_Albedo.uasset" 9
"../../../../unreal projects/Escape/Content/Imported_Stuff/ululdhwfw_2K_Albedo_Mat.uasset" 10
"../../../../unreal projects/Escape/Content/Imported_Stuff/Wooden_Door_Mat_Inst.uasset" 11
"../../../../unreal projects/Escape/Content/Imported_Stuff/Models/SM_Door.uasset" 12
"../../../../unreal projects/Escape/Content/Imported_Stuff/2x1_Door_and_Frame_Door.uasset" 13
"../../../../unreal projects/Escape/Content/StarterContent/Textures/T_Frame_M.uasset" 14
"../../../../unreal projects/Escape/Content/StarterContent/Textures/T_Frame_N.uasset" 15
"../../../../unreal projects/Escape/Content/StarterContent/Props/Materials/M_Frame.uasset" 16
"../../../../unreal projects/Escape/Content/StarterContent/Props/SM_DoorFrame.uasset" 17
"../../../../unreal projects/Escape/Content/Imported_Stuff/2x1_Door_and_Frame_Frame.uasset" 18
"../../../../unreal projects/Escape/Content/Imported_Stuff/Broken_Concrete.uasset" 19
"../../../../unreal projects/Escape/Content/Imported_Stuff/Wood.uasset" 20
"../../../Engine/Content/Functions/Engine_MaterialFunctions02/SafeNormalize.uasset" 21
"../../../Engine/Content/Functions/Engine_MaterialFunctions02/Math/CreateThirdOrthogonalVector.uasset" 22
"../../../Engine/Content/Functions/Engine_MaterialFunctions02/Math/InverseTransformMatrix.uasset" 23
"../../../Engine/Content/Functions/Engine_MaterialFunctions02/Math/TransformToZVector.uasset" 24
"../../../Engine/Content/Functions/Engine_MaterialFunctions02/Utility/CameraDirectionVector.uasset" 25
"../../../Engine/Content/Functions/Engine_MaterialFunctions02/Utility/VectorLength.uasset" 26
"../../../Engine/Content/EngineVolumetrics/Fogsheet/Materials/T_EV_BlankWhite_01.uasset" 27
"../../../Engine/Content/Functions/Engine_MaterialFunctions01/Texturing/ParallaxOcclusionMapping.uasset" 28
"../../../../unreal projects/Escape/Content/MedievalDungeon/Textures/T_Blank_A.uasset" 29
"../../../../unreal projects/Escape/Content/MedievalDungeon/Textures/T_Blank_C.uasset" 30
"../../../../unreal projects/Escape/Content/MedievalDungeon/Textures/T_Blank_N.uasset" 31
"../../../../unreal projects/Escape/Content/MedievalDungeon/Materials/M_Tiling_Master.uasset" 32
"../../../../unreal projects/Escape/Content/MedievalDungeon/Textures/T_StoneWall_A.uasset" 33
"../../../../unreal projects/Escape/Content/MedievalDungeon/Textures/T_StoneWall_C.uasset" 34
"../../../../unreal projects/Escape/Content/MedievalDungeon/Textures/T_StoneWall_H.uasset" 35
"../../../../unreal projects/Escape/Content/MedievalDungeon/Textures/T_StoneWall_N.uasset" 36
"../../../../unreal projects/Escape/Content/MedievalDungeon/Materials/M_StoneWall_Inst.uasset" 37
"../../../../unreal projects/Escape/Content/MedievalDungeon/Meshes/Architecture/Crypt/SM_Crypt_Ceiling_Half.uasset" 38
"../../../../unreal projects/Escape/Content/MedievalDungeon/Meshes/Architecture/Crypt/SM_Crypt_Ceiling_Half_B.uasset" 39
"../../../Engine/Content/Functions/Engine_MaterialFunctions01/Gradient/LinearGradient.uasset" 40
"../../../Engine/Content/Functions/Engine_MaterialFunctions01/ImageAdjustment/CheapContrast.uasset" 41
"../../../Engine/Content/Functions/Engine_MaterialFunctions02/Math/MultiplyAdd.uasset" 42
"../../../Engine/Content/Functions/Engine_MaterialFunctions02/Texturing/ScreenAlignedPixelToPixelUVs.uasset" 43
"../../../Engine/Content/EngineMaterials/Good64x64TilingNoiseHighFreq.uasset" 44
"../../../Engine/Content/Functions/Engine_MaterialFunctions02/Utility/DitherTemporalAA.uasset" 45
"../../../../unreal projects/Escape/Content/MedievalDungeon/Materials/M_Master.uasset" 46
"../../../../unreal projects/Escape/Content/MedievalDungeon/Textures/T_Ceiling_Arch_Albedo.uasset" 47
"../../../../unreal projects/Escape/Content/MedievalDungeon/Textures/T_Ceiling_Arch_Compact.uasset" 48
"../../../../unreal projects/Escape/Content/MedievalDungeon/Textures/T_Ceiling_Arch_Normal.uasset" 49
"../../../../unreal projects/Escape/Content/MedievalDungeon/Materials/M_Ceiling_Arch_Inst.uasset" 50
"../../../../unreal projects/Escape/Content/MedievalDungeon/Meshes/Architecture/Dungeon/SM_Ceiling_Arch_B.uasset" 51
"../../../../unreal projects/Escape/Content/MedievalDungeon/Meshes/Architecture/Dungeon/SM_Ceiling_Flat_Half.uasset" 52
"../../../../unreal projects/Escape/Content/MedievalDungeon/Meshes/Architecture/Dungeon/SM_Ceiling_Third_Reverse.uasset" 53
"../../../../unreal projects/Escape/Content/MedievalDungeon/Meshes/Architecture/Dungeon/SM_Dungeon_Wall_Half.uasset" 54
"../../../../unreal projects/Escape/Content/MedievalDungeon/Textures/T_Coffin_Albedo.uasset" 55
"../../../../unreal projects/Escape/Content/MedievalDungeon/Textures/T_Coffin_Compact.uasset" 56
"../../../../unreal projects/Escape/Content/MedievalDungeon/Textures/T_Coffin_Normal.uasset" 57
"../../../../unreal projects/Escape/Content/MedievalDungeon/Materials/M_Coffin_Inst.uasset" 58
"../../../../unreal projects/Escape/Content/MedievalDungeon/Meshes/Props/SM_Coffin_Lid.uasset" 59
"../../../../unreal projects/Escape/Content/MedievalDungeon/Meshes/Props/SM_Coffin_No_Lid.uasset" 60
"../../../../unreal projects/Escape/Content/StarterContent/Textures/T_MacroVariation.uasset" 61
"../../../../unreal projects/Escape/Content/StarterContent/Textures/T_Wood_Oak_D.uasset" 62
"../../../../unreal projects/Escape/Content/StarterContent/Textures/T_Wood_Oak_N.uasset" 63
"../../../../unreal projects/Escape/Content/StarterContent/Materials/M_Wood_Oak.uasset" 64
"../../../../unreal projects/Escape/Content/MedievalDungeon/Meshes/Props/SM_Gargoyle_False.uasset" 65
"../../../../unreal projects/Escape/Content/MedievalDungeon/Textures/T_Wood_A.uasset" 66
"../../../../unreal projects/Escape/Content/MedievalDungeon/Textures/T_Wood_C.uasset" 67
"../../../../unreal projects/Escape/Content/MedievalDungeon/Textures/T_Wood_N.uasset" 68
"../../../../unreal projects/Escape/Content/MedievalDungeon/Materials/M_Wood_Inst.uasset" 69
"../../../../unreal projects/Escape/Content/MedievalDungeon/Meshes/Props/SM_Wood_A.uasset" 70
"../../../../unreal projects/Escape/Content/MedievalDungeon/Meshes/Props/SM_Wood_B.uasset" 71
"../../../../unreal projects/Escape/Content/MedievalDungeon/Meshes/Props/SM_Wood_C.uasset" 72
"../../../../unreal projects/Escape/Content/MedievalDungeon/Meshes/Props/SM_Wood_D.uasset" 73
"../../../../unreal projects/Escape/Content/MedievalDungeon/Meshes/Props/SM_Wood_E.uasset" 74
"../../../../unreal projects/Escape/Content/MedievalDungeon/Meshes/Props/SM_Wood_F.uasset" 75
"../../../../unreal projects/Escape/Content/MedievalDungeon/Textures/T_Skeleton_Clean_A.uasset" 76
"../../../../unreal projects/Escape/Content/MedievalDungeon/Textures/T_Skeleton_Clean_C.uasset" 77
"../../../../unreal projects/Escape/Content/MedievalDungeon/Textures/T_Skeleton_Clean_N.uasset" 78
"../../../../unreal projects/Escape/Content/MedievalDungeon/Textures/T_Skeleton_Dirty_A.uasset" 79
"../../../../unreal projects/Escape/Content/MedievalDungeon/Textures/T_Skeleton_Dirty_C.uasset" 80
"../../../../unreal projects/Escape/Content/MedievalDungeon/Textures/T_Skeleton_Dirty_N.uasset" 81
"../../../../unreal projects/Escape/Content/MedievalDungeon/Materials/M_Skeleton_Dirty.uasset" 82
"../../../../unreal projects/Escape/Content/MedievalDungeon/Meshes/Skeletons/SM_Bones_FootRight.uasset" 83
"../../../../unreal projects/Escape/Content/MedievalDungeon/Meshes/Skeletons/SM_Bones_HumerusLeft.uasset" 84
"../../../../unreal projects/Escape/Content/MedievalDungeon/Meshes/Skeletons/SM_Bones_HumerusRight.uasset" 85
"../../../../unreal projects/Escape/Content/MedievalDungeon/Meshes/Skeletons/SM_Bones_PatellaLeft.uasset" 86
"../../../../unreal projects/Escape/Content/MedievalDungeon/Meshes/Skeletons/SM_Bones_PatellaRight.uasset" 87
"../../../../unreal projects/Escape/Content/MedievalDungeon/Meshes/Skeletons/SM_Bones_ScapulaRight.uasset" 88
"../../../../unreal projects/Escape/Content/MedievalDungeon/Meshes/Skeletons/SM_Skeleton_04.uasset" 89
"../../../../unreal projects/Escape/Content/MedievalDungeon/Meshes/Skeletons/SM_Skeleton_06.uasset" 90
"../../../../unreal projects/Escape/Content/MedievalDungeon/Meshes/Skeletons/SM_Skeleton_07.uasset" 91
"../../../../unreal projects/Escape/Content/MedievalDungeon/Textures/T_BrickFloor_Clean_A.uasset" 92
"../../../../unreal projects/Escape/Content/MedievalDungeon/Textures/T_BrickFloor_Clean_A_Mat.uasset" 93
"../../../../unreal projects/Escape/Content/MedievalDungeon/Textures/T_BrickFloor_Clean_C.uasset" 94
"../../../../unreal projects/Escape/Content/MedievalDungeon/Textures/T_BrickFloor_Clean_C_Mat.uasset" 95
"../../../../unreal projects/Escape/Content/MedievalDungeon/Textures/T_Steps_A.uasset" 96
"../../../../unreal projects/Escape/Content/MedievalDungeon/Textures/T_Steps_C.uasset" 97
"../../../../unreal projects/Escape/Content/MedievalDungeon/Textures/T_Steps_N.uasset" 98
"../../../../unreal projects/Escape/Content/Megascans/3D_Assets/Fireplace_00/ujjtcjnfa_2K_Displacement.uasset" 99
"../../../Engine/Content/Functions/Engine_MaterialFunctions01/Texturing/FlattenNormal.uasset" 100
"../../../Engine/Content/EngineMaterials/BlendFunc_DefBase.uasset" 101
"../../../Engine/Content/EngineMaterials/BlendFunc_DefBlend.uasset" 102
"../../../Engine/Content/Functions/Engine_MaterialFunctions03/Blends/Blend_Overlay.uasset" 103
"../../../../unreal projects/Escape/Content/MSPresets/MSTextures/Albedo.uasset" 104
"../../../../unreal projects/Escape/Content/MSPresets/MSTextures/Normal.uasset" 105
"../../../../unreal projects/Escape/Content/MSPresets/MSTextures/Roughness.uasset" 106
"../../../../unreal projects/Escape/Content/MSPresets/MS_DefaultMaterial/MS_DefaultMaterial.uasset" 107
"../../../../unreal projects/Escape/Content/Megascans/Surfaces/Brick_Floor_4x4_M_00/uekmchso_2K_Albedo.uasset" 108
"../../../../unreal projects/Escape/Content/Megascans/Surfaces/Brick_Floor_4x4_M_00/uekmchso_2K_Normal.uasset" 109
"../../../../unreal projects/Escape/Content/Megascans/Surfaces/Brick_Floor_4x4_M_00/uekmchso_2K_Roughness.uasset" 110
"../../../../unreal projects/Escape/Content/Megascans/Surfaces/Brick_Floor_4x4_M_00/Brick_Floor_4x4_M_00_inst.uasset" 111
"../../../../unreal projects/Escape/Content/Megascans/Surfaces/Brick_Floor_4x4_M_00/uekmchso_2K_AO.uasset" 112
"../../../../unreal projects/Escape/Content/Megascans/Surfaces/Brick_Floor_4x4_M_00/uekmchso_2K_Displacement.uasset" 113
"../../../../unreal projects/Escape/Content/Megascans/Surfaces/Granite_Stone_Wall_00/umkicieg_2K_AO.uasset" 114
"../../../../unreal projects/Escape/Content/Megascans/Surfaces/Granite_Stone_Wall_00/umkicieg_2K_Displacement.uasset" 115
"../../../../unreal projects/Escape/Content/Megascans/Surfaces/Patterned_Floor_Tiles_2x2_M_00/ufvgfc1ew_2K_Albedo.uasset" 116
"../../../../unreal projects/Escape/Content/Megascans/Surfaces/Patterned_Floor_Tiles_2x2_M_00/ufvgfc1ew_2K_Normal.uasset" 117
"../../../../unreal projects/Escape/Content/Megascans/Surfaces/Patterned_Floor_Tiles_2x2_M_00/ufvgfc1ew_2K_Roughness.uasset" 118
"../../../../unreal projects/Escape/Content/Megascans/Surfaces/Patterned_Floor_Tiles_2x2_M_00/Patterned_Floor_Tiles_2x2_M_00_inst.uasset" 119
"../../../../unreal projects/Escape/Content/Megascans/Surfaces/Patterned_Floor_Tiles_2x2_M_00/ufvgfc1ew_2K_AO.uasset" 120
"../../../../unreal projects/Escape/Content/Megascans/Surfaces/Patterned_Floor_Tiles_2x2_M_00/ufvgfc1ew_2K_Displacement.uasset" 121
"../../../../unreal projects/Escape/Content/Megascans/Surfaces/Roman_Stone_Corinthian_Capital_00/tfioeb0r_2K_Albedo.uasset" 122
"../../../../unreal projects/Escape/Content/Megascans/Surfaces/Roman_Stone_Corinthian_Capital_00/tfioeb0r_2K_Normal.uasset" 123
"../../../../unreal projects/Escape/Content/Megascans/Surfaces/Roman_Stone_Corinthian_Capital_00/tfioeb0r_2K_Roughness.uasset" 124
"../../../../unreal projects/Escape/Content/Megascans/Surfaces/Roman_Stone_Corinthian_Capital_00/Roman_Stone_Corinthian_Capital_00_inst.uasset" 125
"../../../../unreal projects/Escape/Content/Megascans/Surfaces/Roman_Stone_Corinthian_Capital_00/tfioeb0r_2K_AO.uasset" 126
"../../../../unreal projects/Escape/Content/Megascans/Surfaces/Roman_Stone_Corinthian_Capital_00/tfioeb0r_2K_Displacement.uasset" 127
"../../../../unreal projects/Escape/Content/Megascans/Surfaces/Roman_Stone_Corinthian_Capital_01/tfioeb0r_2K_Albedo.uasset" 128
"../../../../unreal projects/Escape/Content/Megascans/Surfaces/Roman_Stone_Corinthian_Capital_01/tfioeb0r_2K_Normal.uasset" 129
"../../../../unreal projects/Escape/Content/Megascans/Surfaces/Roman_Stone_Corinthian_Capital_01/tfioeb0r_2K_Roughness.uasset" 130
"../../../../unreal projects/Escape/Content/Megascans/Surfaces/Roman_Stone_Corinthian_Capital_01/Roman_Stone_Corinthian_Capital_01_inst.uasset" 131
"../../../../unreal projects/Escape/Content/Megascans/Surfaces/Roman_Stone_Corinthian_Capital_01/tfioeb0r_2K_AO.uasset" 132
"../../../../unreal projects/Escape/Content/Megascans/Surfaces/Roman_Stone_Corinthian_Capital_01/tfioeb0r_2K_Displacement.uasset" 133
"../../../../unreal projects/Escape/Content/Megascans/Surfaces/Stone_Wall_2x2_M_00/uithbatlw_2K_Albedo.uasset" 134
"../../../../unreal projects/Escape/Content/Megascans/Surfaces/Stone_Wall_2x2_M_00/uithbatlw_2K_Normal.uasset" 135
"../../../../unreal projects/Escape/Content/Megascans/Surfaces/Stone_Wall_2x2_M_00/uithbatlw_2K_Roughness.uasset" 136
"../../../../unreal projects/Escape/Content/Megascans/Surfaces/Stone_Wall_2x2_M_00/Stone_Wall_2x2_M_00_inst.uasset" 137
"../../../../unreal projects/Escape/Content/Megascans/Surfaces/Stone_Wall_2x2_M_00/uithbatlw_2K_AO.uasset" 138
"../../../../unreal projects/Escape/Content/Megascans/Surfaces/Stone_Wall_2x2_M_00/uithbatlw_2K_Displacement.uasset" 139
"../../../../unreal projects/Escape/Content/Megascans/Surfaces/Studded_Wooden_Table_top_00/ululdhwfw_2K_Normal.uasset" 140
"../../../../unreal projects/Escape/Content/Megascans/Surfaces/Studded_Wooden_Table_top_00/ululdhwfw_2K_Roughness.uasset" 141
"../../../../unreal projects/Escape/Content/Megascans/Surfaces/Studded_Wooden_Table_top_00/Studded_Wooden_Table_top_00_inst.uasset" 142
"../../../../unreal projects/Escape/Content/Megascans/Surfaces/Studded_Wooden_Table_top_00/ululdhwfw_2K_AO.uasset" 143
"../../../../unreal projects/Escape/Content/Megascans/Surfaces/Studded_Wooden_Table_top_00/ululdhwfw_2K_Displacement.uasset" 144
"../../../../unreal projects/Escape/Content/MSPresets/MSTextures/AO.uasset" 145
"../../../../unreal projects/Escape/Content/MSPresets/MSTextures/Displacement.uasset" 146
"../../../../unreal projects/Escape/Content/MSPresets/MSTextures/Metalness.uasset" 147
"../../../../unreal projects/Escape/Content/MSPresets/MSTextures/noise_mask.uasset" 148
"../../../../unreal projects/Escape/Content/MSPresets/MSTextures/noise_normal.uasset" 149
"../../../../unreal projects/Escape/Content/StarterContent/Materials/M_Basic_Wall.uasset" 150
"../../../../unreal projects/Escape/Content/StarterContent/Architecture/Pillar_50x500.uasset" 151
"../../../../unreal projects/Escape/Content/StarterContent/Architecture/Wall_400x300.uasset" 152
"../../../../unreal projects/Escape/Content/StarterContent/Architecture/Wall_400x400.uasset" 153
"../../../../unreal projects/Escape/Content/StarterContent/Architecture/Wall_500x500.uasset" 154
"../../../../unreal projects/Escape/Content/StarterContent/Architecture/Wall_Door_400x400.uasset" 155
"../../../../unreal projects/Escape/Content/StarterContent/Architecture/Wall_Window_400x400.uasset" 156
"../../../../unreal projects/Escape/Content/StarterContent/Audio/Collapse01.uasset" 157
"../../../../unreal projects/Escape/Content/StarterContent/Audio/Collapse02.uasset" 158
"../../../../unreal projects/Escape/Content/StarterContent/Audio/Explosion01.uasset" 159
"../../../../unreal projects/Escape/Content/StarterContent/Audio/Explosion02.uasset" 160
"../../../../unreal projects/Escape/Content/StarterContent/Audio/Fire01.uasset" 161
"../../../../unreal projects/Escape/Content/StarterContent/Audio/Fire_Sparks01.uasset" 162
"../../../../unreal projects/Escape/Content/StarterContent/Audio/Light01.uasset" 163
"../../../../unreal projects/Escape/Content/StarterContent/Audio/Light01_Cue.uasset" 164
"../../../../unreal projects/Escape/Content/StarterContent/Audio/Light02.uasset" 165
"../../../../unreal projects/Escape/Content/StarterContent/Audio/Light02_Cue.uasset" 166
"../../../../unreal projects/Escape/Content/StarterContent/Audio/Smoke01.uasset" 167
"../../../../unreal projects/Escape/Content/StarterContent/Audio/Starter_Birds01.uasset" 168
"../../../../unreal projects/Escape/Content/StarterContent/Audio/Starter_Music01.uasset" 169
"../../../../unreal projects/Escape/Content/StarterContent/Audio/Starter_Wind05.uasset" 170
"../../../../unreal projects/Escape/Content/StarterContent/Audio/Starter_Wind06.uasset" 171
"../../../../unreal projects/Escape/Content/StarterContent/Audio/Steam01.uasset" 172
"../../../../unreal projects/Escape/Content/StarterContent/Audio/Explosion_Cue.uasset" 173
"../../../../unreal projects/Escape/Content/StarterContent/Textures/T_Burst_M.uasset" 174
"../../../../unreal projects/Escape/Content/StarterContent/Particles/Materials/M_Burst.uasset" 175
"../../../../unreal projects/Escape/Content/StarterContent/Textures/T_Explosion_SubUV.uasset" 176
"../../../../unreal projects/Escape/Content/StarterContent/Particles/Materials/M_explosion_subUV.uasset" 177
"../../../../unreal projects/Escape/Content/StarterContent/Particles/Materials/m_flare_01.uasset" 178
"../../../Engine/Content/Functions/Engine_MaterialFunctions01/Gradient/RadialGradient.uasset" 179
"../../../../unreal projects/Escape/Content/StarterContent/Particles/Materials/M_radial_ramp.uasset" 180
"../../../../unreal projects/Escape/Content/StarterContent/Textures/T_Smoke_SubUV.uasset" 181
"../../../../unreal projects/Escape/Content/StarterContent/Textures/T_Smoke_Tiled_D.uasset" 182
"../../../../unreal projects/Escape/Content/StarterContent/Particles/Materials/M_smoke_subUV.uasset" 183
"../../../../unreal projects/Escape/Content/StarterContent/Particles/P_Explosion.uasset" 184
"../../../../unreal projects/Escape/Content/StarterContent/Blueprints/Blueprint_Effect_Explosion.uasset" 185
"../../../Engine/Content/EditorMeshes/ColorCalibrator/T_ColorGrid.uasset" 186
"../../../../unreal projects/Escape/Content/StarterContent/Materials/M_ColorGrid_LowSpec.uasset" 187
"../../../../unreal projects/Escape/Content/StarterContent/Textures/T_Bush_D.uasset" 188
"../../../../unreal projects/Escape/Content/StarterContent/Textures/T_Bush_N.uasset" 189
"../../../../unreal projects/Escape/Content/StarterContent/Props/Materials/M_Bush.uasset" 190
"../../../../unreal projects/Escape/Content/StarterContent/Props/SM_Bush.uasset" 191
"../../../../unreal projects/Escape/Content/StarterContent/Textures/T_Chair_M.uasset" 192
"../../../../unreal projects/Escape/Content/StarterContent/Textures/T_Chair_N.uasset" 193
"../../../../unreal projects/Escape/Content/StarterContent/Props/Materials/M_Chair.uasset" 194
"../../../../unreal projects/Escape/Content/StarterContent/Props/SM_Couch.uasset" 195
"../../../../unreal projects/Escape/Content/StarterContent/Materials/M_Glass.uasset" 196
"../../../../unreal projects/Escape/Content/StarterContent/Textures/T_Door_M.uasset" 197
"../../../../unreal projects/Escape/Content/StarterContent/Textures/T_Door_N.uasset" 198
"../../../../unreal projects/Escape/Content/StarterContent/Props/Materials/M_Door.uasset" 199
"../../../../unreal projects/Escape/Content/StarterContent/Props/SM_Door.uasset" 200
"../../../../unreal projects/Escape/Content/StarterContent/Props/Materials/M_MaterialSphere.uasset" 201
"../../../../unreal projects/Escape/Content/StarterContent/Props/Materials/M_MaterialSphere_Plain.uasset" 202
"../../../../unreal projects/Escape/Content/StarterContent/Props/SM_MatPreviewMesh_02.uasset" 203
"../../../Engine/Content/Functions/Engine_MaterialFunctions02/Utility/BlendAngleCorrectedNormals.uasset" 204
"../../../../unreal projects/Escape/Content/StarterContent/Textures/T_Detail_Rocky_N.uasset" 205
"../../../../unreal projects/Escape/Content/StarterContent/Textures/T_Rock_Basalt_D.uasset" 206
"../../../../unreal projects/Escape/Content/StarterContent/Textures/T_RockMesh_M.uasset" 207
"../../../../unreal projects/Escape/Content/StarterContent/Textures/T_RockMesh_N.uasset" 208
"../../../../unreal projects/Escape/Content/StarterContent/Props/Materials/M_Rock.uasset" 209
"../../../../unreal projects/Escape/Content/StarterContent/Props/SM_Rock.uasset" 210
"../../../../unreal projects/Escape/Content/StarterContent/Textures/T_Shelf_M.uasset" 211
"../../../../unreal projects/Escape/Content/StarterContent/Textures/T_Shelf_N.uasset" 212
"../../../../unreal projects/Escape/Content/StarterContent/Props/Materials/M_Shelf.uasset" 213
"../../../../unreal projects/Escape/Content/StarterContent/Props/SM_Shelf.uasset" 214
"../../../../unreal projects/Escape/Content/StarterContent/Materials/M_Basic_Floor.uasset" 215
"../../../../unreal projects/Escape/Content/StarterContent/Props/SM_Stairs.uasset" 216
"../../../../unreal projects/Escape/Content/StarterContent/Shapes/Shape_Cone.uasset" 217
"../../../../unreal projects/Escape/Content/StarterContent/Shapes/Shape_Cylinder.uasset" 218
"../../../../unreal projects/Escape/Content/StarterContent/Shapes/Shape_NarrowCapsule.uasset" 219
"../../../../unreal projects/Escape/Content/StarterContent/Shapes/Shape_Pipe.uasset" 220
"../../../../unreal projects/Escape/Content/StarterContent/Shapes/Shape_Pipe_180.uasset" 221
"../../../../unreal projects/Escape/Content/StarterContent/Shapes/Shape_Pipe_90.uasset" 222
"../../../../unreal projects/Escape/Content/StarterContent/Shapes/Shape_Plane.uasset" 223
"../../../../unreal projects/Escape/Content/StarterContent/Shapes/Shape_Torus.uasset" 224
"../../../../unreal projects/Escape/Content/StarterContent/Shapes/Shape_Trim.uasset" 225
"../../../../unreal projects/Escape/Content/StarterContent/Shapes/Shape_Trim_90_In.uasset" 226
"../../../../unreal projects/Escape/Content/StarterContent/Shapes/Shape_Trim_90_Out.uasset" 227
"../../../../unreal projects/Escape/Content/StarterContent/Shapes/Shape_TriPyramid.uasset" 228
"../../../../unreal projects/Escape/Content/StarterContent/Shapes/Shape_Tube.uasset" 229
"../../../../unreal projects/Escape/Content/StarterContent/Shapes/Shape_Wedge_A.uasset" 230
"../../../../unreal projects/Escape/Content/StarterContent/Shapes/Shape_Wedge_B.uasset" 231
"../../../../unreal projects/Escape/Content/StarterContent/Shapes/Shape_WideCapsule.uasset" 232
"../../../Engine/Content/Animation/DefaultAnimCurveCompressionSettings.uasset" 233
"../../../Engine/Content/Functions/Engine_MaterialFunctions01/Opacity/CameraDepthFade.uasset" 234
"../../../Engine/Content/EngineMaterials/T_Default_Material_Grid_M.uasset" 235
"../../../Engine/Content/EngineMaterials/T_Default_Material_Grid_N.uasset" 236
"../../../Engine/Content/EngineMaterials/WorldGridMaterial.uasset" 237
"../../../Engine/Content/ArtTools/RenderToTexture/Meshes/S_1_Unit_Plane.uasset" 238
"../../../Engine/Content/EngineMaterials/DefaultMaterial.uasset" 239
"../../../Engine/Content/BasicShapes/Cylinder.uasset" 240
"../../../Engine/Content/BasicShapes/Plane.uasset" 241
"../../../Engine/Content/EditorLandscapeResources/DataLayer.uasset" 242
"../../../Engine/Content/EditorMaterials/MAT_Groups_Toggle.uasset" 243
"../../../Engine/Content/EditorMaterials/MAT_Groups_Visibility.uasset" 244
"../../../Engine/Content/EditorMaterials/PreviewShadowIndicator.uasset" 245
"../../../Engine/Content/EditorMaterials/PreviewShadowIndicatorMaterial.uasset" 246
"../../../Engine/Content/EditorMaterials/MatineeGroups/MAT_ColorTrack.uasset" 247
"../../../Engine/Content/EditorMaterials/MatineeGroups/MAT_Groups_Anim.uasset" 248
"../../../Engine/Content/EditorMaterials/MatineeGroups/MAT_Groups_AudioMaster.uasset" 249
"../../../Engine/Content/EditorMaterials/MatineeGroups/MAT_Groups_Director.uasset" 250
"../../../Engine/Content/EditorMaterials/MatineeGroups/MAT_Groups_Event.uasset" 251
"../../../Engine/Content/EditorMaterials/MatineeGroups/MAT_Groups_Fade.uasset" 252
"../../../Engine/Content/EditorMaterials/MatineeGroups/MAT_Groups_Float.uasset" 253
"../../../Engine/Content/EditorMaterials/MatineeGroups/MAT_Groups_Move.uasset" 254
"../../../Engine/Content/EditorMaterials/MatineeGroups/MAT_Groups_Slomo.uasset" 255
"../../../Engine/Content/EditorMaterials/MatineeGroups/MAT_Groups_Sound.uasset" 256
"../../../Engine/Content/EditorMaterials/MatineeGroups/MAT_Groups_Vector.uasset" 257
"../../../Engine/Content/EditorMaterials/ParticleSystems/PSysThumbnail_NoImage.uasset" 258
"../../../Engine/Content/EditorMaterials/ParticleSystems/PSysThumbnail_OOD.uasset" 259
"../../../Engine/Content/EditorMaterials/Camera/CineMat.uasset" 260
"../../../Engine/Content/EditorMaterials/Camera/MI_CineMat_Rig.uasset" 261
"../../../Engine/Content/EditorMeshes/Camera/SM_CraneRig_Arm.uasset" 262
"../../../Engine/Content/EditorMeshes/Camera/SM_CraneRig_Base.uasset" 263
"../../../Engine/Content/EditorMeshes/Camera/SM_CraneRig_Body.uasset" 264
"../../../Engine/Content/EditorMeshes/Camera/SM_CraneRig_Mount.uasset" 265
"../../../Engine/Content/EditorMeshes/Camera/SM_RailRig_Mount.uasset" 266
"../../../Engine/Content/EditorMeshes/Camera/SM_RailRig_Track.uasset" 267
"../../../Engine/Content/EditorResources/BSPVertex.uasset" 268
"../../../Engine/Content/EditorResources/EmptyActor.uasset" 269
"../../../Engine/Content/EditorResources/S_Actor.uasset" 270
"../../../Engine/Content/EditorResources/S_Note.uasset" 271
"../../../Engine/Content/EditorResources/S_Solver.uasset" 272
"../../../Engine/Content/EditorResources/S_Trigger.uasset" 273
"../../../Engine/Content/EditorResources/AudioIcons/S_AudioComponent.uasset" 274
"../../../Engine/Content/EditorResources/AudioIcons/S_AudioComponent_AutoActivate.uasset" 275
"../../../Engine/Content/EditorResources/LightIcons/S_LightError.uasset" 276
"../../../Engine/Content/EditorResources/SequenceRecorder/Countdown.uasset" 277
"../../../Engine/Content/EditorResources/SequenceRecorder/RecordingIndicator.uasset" 278
"../../../Engine/Content/EditorSounds/Notifications/CompileFailed.uasset" 279
"../../../Engine/Content/EditorSounds/Notifications/CompileFailed_Cue.uasset" 280
"../../../Engine/Content/EditorSounds/Notifications/CompileSuccess.uasset" 281
"../../../Engine/Content/EditorSounds/Notifications/CompileStart_Cue.uasset" 282
"../../../Engine/Content/EditorSounds/Notifications/CompileSuccess_Cue.uasset" 283
"../../../Engine/Content/EngineDamageTypes/DmgTypeBP_Environmental.uasset" 284
"../../../Engine/Content/EngineDebugMaterials/DebugEditorMaterial.uasset" 285
"../../../Engine/Content/EngineDebugMaterials/DebugMeshMaterial.uasset" 286
"../../../Engine/Content/EngineDebugMaterials/M_SimpleUnlitTranslucent.uasset" 287
"../../../Engine/Content/EngineDebugMaterials/VolumeToRender.uasset" 288
"../../../Engine/Content/EngineDebugMaterials/M_VolumeRenderSphereTracePP.uasset" 289
"../../../Engine/Content/EngineDebugMaterials/WireframeMaterial.uasset" 290
"../../../Engine/Content/EngineFonts/Faces/DroidSansFallback.uasset" 291
"../../../Engine/Content/EngineFonts/Faces/RobotoBold.uasset" 292
"../../../Engine/Content/EngineFonts/Faces/RobotoBoldItalic.uasset" 293
"../../../Engine/Content/EngineFonts/Faces/RobotoItalic.uasset" 294
"../../../Engine/Content/EngineFonts/Faces/RobotoLight.uasset" 295
"../../../Engine/Content/EngineFonts/Faces/RobotoRegular.uasset" 296
"../../../Engine/Content/EngineFonts/Roboto.uasset" 297
"../../../Engine/Content/EngineMaterials/BaseFlattenDiffuseMap.uasset" 298
"../../../Engine/Content/EngineMaterials/BaseFlattenEmissiveMap.uasset" 299
"../../../Engine/Content/EngineMaterials/BaseFlattenGrayscaleMap.uasset" 300
"../../../Engine/Content/EngineMaterials/BaseFlattenNormalMap.uasset" 301
"../../../Engine/Content/EngineMaterials/BaseFlattenMaterial.uasset" 302
"../../../Engine/Content/EngineMaterials/BlueNoise.uasset" 303
"../../../Engine/Content/EngineMaterials/DefaultBloomKernel.uasset" 304
"../../../Engine/Content/EngineMaterials/DefaultBokeh.uasset" 305
"../../../Engine/Content/EngineMaterials/DefaultDiffuse.uasset" 306
"../../../Engine/Content/EngineMaterials/DefaultDeferredDecalMaterial.uasset" 307
"../../../Engine/Content/EngineMaterials/DefaultLightFunctionMaterial.uasset" 308
"../../../Engine/Content/EngineMaterials/DefaultPhysicalMaterial.uasset" 309
"../../../Engine/Content/Functions/Engine_MaterialFunctions02/Utility/BreakOutFloat2Components.uasset" 310
"../../../Engine/Content/EngineMaterials/DefaultPostProcessMaterial.uasset" 311
"../../../Engine/Content/EngineFonts/RobotoDistanceField.uasset" 312
"../../../Engine/Content/EngineMaterials/DefaultTextMaterialOpaque.uasset" 313
"../../../Engine/Content/EngineMaterials/DefaultWhiteGrid.uasset" 314
"../../../Engine/Content/EngineMaterials/DefaultWhiteGrid_Low.uasset" 315
"../../../Engine/Content/EngineMaterials/EmissiveMeshMaterial.uasset" 316
"../../../Engine/Content/EngineMaterials/GizmoMaterial.uasset" 317
"../../../Engine/Content/EngineMaterials/MiniFont.uasset" 318
"../../../Engine/Content/EngineMaterials/InvalidLightmapSettings.uasset" 319
"../../../Engine/Content/EngineMaterials/M_InvalidLightmapSettings.uasset" 320
"../../../Engine/Content/Functions/Engine_MaterialFunctions02/WorldPositionOffset/CameraOffset.uasset" 321
"../../../Engine/Content/EngineMaterials/PhAT_JointLimitMaterial.uasset" 322
"../../../Engine/Content/EngineMaterials/PreintegratedSkinBRDF.uasset" 323
"../../../Engine/Content/EngineMaterials/RemoveSurfaceMaterial.uasset" 324
"../../../Engine/Content/EngineMaterials/WeightMapPlaceholderTexture.uasset" 325
"../../../Engine/Content/EngineResources/WhiteSquareTexture.uasset" 326
"../../../Engine/Content/EngineMaterials/Widget3DPassThrough.uasset" 327
"../../../Engine/Content/EngineMaterials/Widget3DPassThrough_Masked.uasset" 328
"../../../Engine/Content/EngineMaterials/Widget3DPassThrough_Opaque.uasset" 329
"../../../Engine/Content/EngineMaterials/Widget3DPassThrough_Masked_OneSided.uasset" 330
"../../../Engine/Content/EngineMaterials/Widget3DPassThrough_Opaque_OneSided.uasset" 331
"../../../Engine/Content/EngineMaterials/Widget3DPassThrough_Translucent.uasset" 332
"../../../Engine/Content/EngineMaterials/Widget3DPassThrough_Translucent_OneSided.uasset" 333
"../../../Engine/Content/EngineMeshes/Cylinder.uasset" 334
"../../../Engine/Content/EngineMeshes/Sphere.uasset" 335
"../../../Engine/Content/EngineResources/Black.uasset" 336
"../../../Engine/Content/EngineResources/DefaultTexture.uasset" 337
"../../../Engine/Content/EngineResources/DefaultTextureCube.uasset" 338
"../../../Engine/Content/EngineResources/DefaultVolumeTexture2D.uasset" 339
"../../../Engine/Content/EngineResources/DefaultVolumeTexture.uasset" 340
"../../../Engine/Content/EngineResources/GradientTexture0.uasset" 341
"../../../Engine/Content/EngineSounds/Master.uasset" 342
"../../../Engine/Content/Functions/Engine_MaterialFunctions01/Shading/ConvertFromDiffSpec.uasset" 343
"../../../Engine/Content/Functions/Engine_MaterialFunctions01/Shading/PowerToRoughness.uasset" 344
"../../../Engine/Content/Maps/Templates/Thumbnails/Default.uasset" 345
"../../../Engine/Content/Maps/Templates/Thumbnails/TimeOfDay.uasset" 346
"../../../Engine/Content/Maps/Templates/Thumbnails/VR-Basic.uasset" 347
"../../../Engine/Content/MobileResources/T_MobileControls_texture.uasset" 348
"../../../Engine/Content/MobileResources/T_MobileMenu2.uasset" 349
"../../../Engine/Content/MobileResources/HUD/AnalogHat.uasset" 350
"../../../Engine/Content/MobileResources/HUD/VirtualJoystick_Background.uasset" 351
"../../../Engine/Content/MobileResources/HUD/VirtualJoystick_Thumb.uasset" 352
"../../../Engine/Content/MobileResources/HUD/DefaultVirtualJoysticks.uasset" 353
"../../../Engine/Content/MobileResources/HUD/LeftVirtualJoystickOnly.uasset" 354
"../../../Engine/Content/MobileResources/HUD/MobileHUDButton1_off.uasset" 355
"../../../Engine/Content/MobileResources/HUD/MobileHUDButton1_on.uasset" 356
"../../../Engine/Content/MobileResources/HUD/MobileHUDButton2_off.uasset" 357
"../../../Engine/Content/MobileResources/HUD/MobileHUDButton2_on.uasset" 358
"../../../Engine/Content/MobileResources/HUD/MobileHUDButton3.uasset" 359
"../../../Engine/Content/MobileResources/HUD/MobileHUDButtonFire.uasset" 360
"../../../Engine/Content/MobileResources/HUD/MobileHUDDirectionPad.uasset" 361
"../../../Engine/Content/MobileResources/HUD/MobileHUDDirectionPad2.uasset" 362
"../../../Engine/Content/MobileResources/HUD/MobileHUDDirectionPad3.uasset" 363
"../../../Engine/Content/MobileResources/HUD/MobileHUDDirectionStick.uasset" 364
"../../../Engine/Content/MobileResources/HUD/T_Castle_ThumbstickInner.uasset" 365
"../../../Engine/Content/MobileResources/HUD/T_Castle_ThumbstickOutter.uasset" 366
"../../../Engine/Content/Tutorial/ContentIntroCurve.uasset" 367
"../../../Engine/Content/Tutorial/Basics/LevelEditorAttract.uasset" 368
"../../../Engine/Content/Tutorial/BlueprintTutorials/TutorialAssets/Blueprint_64x.uasset" 369
"../../../Engine/Content/Tutorial/BlueprintTutorials/BlueprintEditorTutorial.uasset" 370
"../../../Engine/Content/VREditor/LaserPointer/VR_LaserPower_01.uasset" 371
"../../../Engine/Content/VREditor/TransformGizmo/TransformGizmoMaterial.uasset" 372
"../../../Engine/Content/VREditor/TransformGizmo/TranslucentTransformGizmoMaterial.uasset" 373
"../../../Engine/Content/VREditor/TransformGizmo/BoundingBoxCorner.uasset" 374
"../../../Engine/Content/VREditor/TransformGizmo/BoundingBoxEdge.uasset" 375
"../../../Engine/Content/VREditor/TransformGizmo/PlaneTranslationHandle.uasset" 376
"../../../Engine/Content/VREditor/TransformGizmo/Main.uasset" 377
"../../../Engine/Content/VREditor/TransformGizmo/Xray.uasset" 378
"../../../Engine/Content/VREditor/TransformGizmo/SM_Sequencer_Key.uasset" 379
"../../../Engine/Content/VREditor/TransformGizmo/SM_Sequencer_Node.uasset" 380
"../../Plugins/2D/Paper2D/Content/PlaceholderTextures/DummySpriteTexture.uasset" 381
"../../Plugins/2D/Paper2D/Content/DummySprite.uasset" 382
"../../Plugins/2D/Paper2D/Content/DefaultPaperTerrainMaterial.uasset" 383
"../../Plugins/2D/Paper2D/Content/DefaultSpriteMaterial.uasset" 384
"../../Plugins/2D/Paper2D/Content/MaskedUnlitSpriteMaterial.uasset" 385
"../../Plugins/2D/Paper2D/Content/OpaqueUnlitSpriteMaterial.uasset" 386
"../../Plugins/FX/Niagara/Content/Enums/ENiagaraBooleanLogicOps.uasset" 387
"../../Plugins/FX/Niagara/Content/Enums/ENiagaraCoordinateSpace.uasset" 388
"../../Plugins/FX/Niagara/Content/Enums/ENiagaraExpansionMode.uasset" 389
"../../Plugins/FX/Niagara/Content/Enums/ENiagaraOrientationAxis.uasset" 390
"../../Plugins/FX/Niagara/Content/Enums/ENiagaraRandomnessMode.uasset" 391
"../../../Engine/Content/Functions/Engine_MaterialFunctions02/Utility/BreakOutFloat4Components.uasset" 392
"../../../Engine/Content/Functions/Engine_MaterialFunctions02/Utility/MakeFloat2.uasset" 393
"../../../Engine/Content/Functions/Engine_MaterialFunctions02/Utility/MakeFloat3.uasset" 394
"../../Plugins/Runtime/Oculus/OculusVR/Content/Materials/OculusMR_ChromaKey.uasset" 395
"../../Plugins/Runtime/Oculus/OculusVR/Content/Materials/OculusMR_ChromaKey_Lit.uasset" 396
"../../Plugins/Runtime/Oculus/OculusVR/Content/Materials/OculusMR_OpaqueColoredMaterial.uasset" 397
"../../Plugins/Runtime/Oculus/OculusVR/Content/Materials/OculusMR_WhiteMaterial.uasset" 398
"../../../Engine/Content/EditorBlueprintResources/StandardMacros.uasset" 399
"../../../Engine/Content/EngineSky/C_Sky_Cloud_Color.uasset" 400
"../../../Engine/Content/EngineSky/C_Sky_Horizon_Color.uasset" 401
"../../../Engine/Content/EngineSky/C_Sky_Zenith_Color.uasset" 402
"../../../Engine/Content/EngineSky/T_Sky_Blue.uasset" 403
"../../../Engine/Content/EngineSky/T_Sky_Clouds_M.uasset" 404
"../../../Engine/Content/EngineSky/T_Sky_Stars.uasset" 405
"../../../Engine/Content/EngineSky/M_Sky_Panning_Clouds2.uasset" 406
"../../../Engine/Content/EngineSky/SM_SkySphere.uasset" 407
"../../../Engine/Content/EngineSky/BP_Sky_Sphere.uasset" 408
"../../../../unreal projects/Escape/Content/MedievalDungeon/Textures/T_Candles_A.uasset" 409
"../../../../unreal projects/Escape/Content/MedievalDungeon/Textures/T_Candles_C.uasset" 410
"../../../../unreal projects/Escape/Content/MedievalDungeon/Textures/T_Candles_N.uasset" 411
"../../../../unreal projects/Escape/Content/MedievalDungeon/Materials/M_Candles_Master.uasset" 412
"../../../../unreal projects/Escape/Content/MedievalDungeon/Materials/M_Candles_Inst.uasset" 413
"../../../../unreal projects/Escape/Content/MedievalDungeon/Meshes/Props/SM_Candle.uasset" 414
"../../../../unreal projects/Escape/Content/MedievalDungeon/Particles/Textures/T_CandleFlame.uasset" 415
"../../../../unreal projects/Escape/Content/MedievalDungeon/Particles/Materials/M_CandleFlame.uasset" 416
"../../../../unreal projects/Escape/Content/MedievalDungeon/Particles/PS_CandleFlame.uasset" 417
"../../../../unreal projects/Escape/Content/MedievalDungeon/Blueprints/BP_Candle.uasset" 418
"../../../../unreal projects/Escape/Content/MedievalDungeon/Textures/T_Candle_Holder_A.uasset" 419
"../../../../unreal projects/Escape/Content/MedievalDungeon/Textures/T_Candle_Holder_C.uasset" 420
"../../../../unreal projects/Escape/Content/MedievalDungeon/Textures/T_Candle_Holder_N.uasset" 421
"../../../../unreal projects/Escape/Content/MedievalDungeon/Materials/M_Candle_Holder_Inst.uasset" 422
"../../../../unreal projects/Escape/Content/MedievalDungeon/Meshes/Props/SM_Candle_Holder.uasset" 423
"../../../../unreal projects/Escape/Content/MedievalDungeon/Meshes/Props/SM_Candle_Used_A.uasset" 424
"../../../../unreal projects/Escape/Content/MedievalDungeon/Meshes/Props/SM_Candle_Used_B.uasset" 425
"../../../../unreal projects/Escape/Content/MedievalDungeon/Meshes/Props/SM_Candle_Used_C.uasset" 426
"../../../../unreal projects/Escape/Content/MedievalDungeon/Blueprints/BP_Candle_Holder.uasset" 427
"../../../../unreal projects/Escape/Content/MedievalDungeon/Blueprints/BP_Candle_Used_A.uasset" 428
"../../../../unreal projects/Escape/Content/MedievalDungeon/Blueprints/BP_Candle_Used_B.uasset" 429
"../../../../unreal projects/Escape/Content/MedievalDungeon/Blueprints/BP_Candle_Used_C.uasset" 430
"../../../../unreal projects/Escape/Content/MedievalDungeon/Textures/T_CandleHolder_Bronze_A.uasset" 431
"../../../../unreal projects/Escape/Content/MedievalDungeon/Textures/T_CandleHolder_Bronze_C.uasset" 432
"../../../../unreal projects/Escape/Content/MedievalDungeon/Textures/T_CandleHolder_Bronze_N.uasset" 433
"../../../../unreal projects/Escape/Content/MedievalDungeon/Materials/M_CandleHolder_Bronze_Inst.uasset" 434
"../../../../unreal projects/Escape/Content/MedievalDungeon/Meshes/Props/SM_CandleHolder_Bronze.uasset" 435
"../../../../unreal projects/Escape/Content/MedievalDungeon/Blueprints/BP_CandleHolder_Bronze.uasset" 436
"../../../../unreal projects/Escape/Content/MedievalDungeon/Textures/T_CandleHolder_Iron_A.uasset" 437
"../../../../unreal projects/Escape/Content/MedievalDungeon/Textures/T_CandleHolder_Iron_C.uasset" 438
"../../../../unreal projects/Escape/Content/MedievalDungeon/Textures/T_CandleHolder_Iron_N.uasset" 439
"../../../../unreal projects/Escape/Content/MedievalDungeon/Materials/M_CandleHolder_Iron_Inst.uasset" 440
"../../../../unreal projects/Escape/Content/MedievalDungeon/Meshes/Props/SM_CandleHolder_Iron.uasset" 441
"../../../../unreal projects/Escape/Content/MedievalDungeon/Blueprints/BP_CandleHolder_Iron.uasset" 442
"../../../../unreal projects/Escape/Content/MedievalDungeon/Textures/T_CandleStick_Bronze_A.uasset" 443
"../../../../unreal projects/Escape/Content/MedievalDungeon/Textures/T_CandleStick_Bronze_C.uasset" 444
"../../../../unreal projects/Escape/Content/MedievalDungeon/Textures/T_CandleStick_Bronze_N.uasset" 445
"../../../../unreal projects/Escape/Content/MedievalDungeon/Materials/M_CandleStick_Bronze_Inst.uasset" 446
"../../../../unreal projects/Escape/Content/MedievalDungeon/Textures/T_CandleStick_Iron_A.uasset" 447
"../../../../unreal projects/Escape/Content/MedievalDungeon/Textures/T_CandleStick_Iron_C.uasset" 448
"../../../../unreal projects/Escape/Content/MedievalDungeon/Textures/T_CandleStick_Iron_N.uasset" 449
"../../../../unreal projects/Escape/Content/MedievalDungeon/Materials/M_CandleStick_Iron_Inst.uasset" 450
"../../../../unreal projects/Escape/Content/MedievalDungeon/Meshes/Props/SM_CandleStick_Iron.uasset" 451
"../../../../unreal projects/Escape/Content/MedievalDungeon/Blueprints/BP_CandleStick_Bronze.uasset" 452
"../../../../unreal projects/Escape/Content/MedievalDungeon/Blueprints/BP_CandleStick_Iron.uasset" 453
"../../../../unreal projects/Escape/Content/MedievalDungeon/Textures/T_Cell_Door_Front_A.uasset" 454
"../../../../unreal projects/Escape/Content/MedievalDungeon/Textures/T_Cell_Door_Front_C.uasset" 455
"../../../../unreal projects/Escape/Content/MedievalDungeon/Textures/T_Cell_Door_Front_N.uasset" 456
"../../../../unreal projects/Escape/Content/MedievalDungeon/Materials/M_Cell_Door_Front_Inst.uasset" 457
"../../../../unreal projects/Escape/Content/MedievalDungeon/Meshes/Architecture/Dungeon/SM_Cell_Door.uasset" 458
"../../../../unreal projects/Escape/Content/MedievalDungeon/Meshes/Architecture/Dungeon/SM_Cell_Front.uasset" 459
"../../../../unreal projects/Escape/Content/MedievalDungeon/Blueprints/BP_Cell_Door.uasset" 460
"../../../../unreal projects/Escape/Content/MedievalDungeon/Materials/M_Flicker_Light_Function.uasset" 461
"../../../../unreal projects/Escape/Content/MedievalDungeon/Textures/T_Chandelier_A.uasset" 462
"../../../../unreal projects/Escape/Content/MedievalDungeon/Textures/T_Chandelier_C.uasset" 463
"../../../../unreal projects/Escape/Content/MedievalDungeon/Textures/T_Chandelier_N.uasset" 464
"../../../../unreal projects/Escape/Content/MedievalDungeon/Materials/M_Chandlier_Inst.uasset" 465
"../../../../unreal projects/Escape/Content/MedievalDungeon/Meshes/Props/SM_Chandelier.uasset" 466
"../../../../unreal projects/Escape/Content/MedievalDungeon/Blueprints/BP_Chandalier.uasset" 467
"../../../../unreal projects/Escape/Content/MedievalDungeon/Textures/T_DoorHardware_Albedo.uasset" 468
"../../../../unreal projects/Escape/Content/MedievalDungeon/Textures/T_DoorHardware_C.uasset" 469
"../../../../unreal projects/Escape/Content/MedievalDungeon/Textures/T_DoorHardware_N.uasset" 470
"../../../../unreal projects/Escape/Content/MedievalDungeon/Materials/M_Door_Hardware_Inst.uasset" 471
"../../../../unreal projects/Escape/Content/MedievalDungeon/Textures/T_DoorWay_Large_Door_Right_Albedo.uasset" 472
"../../../../unreal projects/Escape/Content/MedievalDungeon/Textures/T_DoorWay_Large_Door_Right_Normal.uasset" 473
"../../../../unreal projects/Escape/Content/MedievalDungeon/Textures/T_DoorWay_Large_DoorRight_Compact.uasset" 474
"../../../../unreal projects/Escape/Content/MedievalDungeon/Materials/M_Doorway_Large_Right_Door_Inst.uasset" 475
"../../../../unreal projects/Escape/Content/MedievalDungeon/Textures/T_Large_Window_Half_A.uasset" 476
"../../../../unreal projects/Escape/Content/MedievalDungeon/Textures/T_Large_Window_Half_C.uasset" 477
"../../../../unreal projects/Escape/Content/MedievalDungeon/Textures/T_Large_Window_Half_N.uasset" 478
"../../../../unreal projects/Escape/Content/MedievalDungeon/Materials/M_Large_Window_Half_Inst.uasset" 479
"../../../../unreal projects/Escape/Content/MedievalDungeon/Meshes/Architecture/Crypt/SM_Crypt_Doorway.uasset" 480
"../../../../unreal projects/Escape/Content/MedievalDungeon/Textures/T_DoorWay_Large_Door_Left_Albedo.uasset" 481
"../../../../unreal projects/Escape/Content/MedievalDungeon/Textures/T_DoorWay_Large_Door_Left_Compact.uasset" 482
"../../../../unreal projects/Escape/Content/MedievalDungeon/Textures/T_DoorWay_Large_Door_Left_Normal.uasset" 483
"../../../../unreal projects/Escape/Content/MedievalDungeon/Materials/M_Doorway_Large_Left_Door_Inst.uasset" 484
"../../../../unreal projects/Escape/Content/MedievalDungeon/Textures/T_Metal_A.uasset" 485
"../../../../unreal projects/Escape/Content/MedievalDungeon/Textures/T_Metal_C.uasset" 486
"../../../../unreal projects/Escape/Content/MedievalDungeon/Textures/T_Metal_N.uasset" 487
"../../../../unreal projects/Escape/Content/MedievalDungeon/Materials/M_Metal_Decor_Inst.uasset" 488
"../../../../unreal projects/Escape/Content/MedievalDungeon/Meshes/Architecture/Dungeon/SM_DoorWay_Large_Door_Left.uasset" 489
"../../../../unreal projects/Escape/Content/MedievalDungeon/Meshes/Architecture/Dungeon/SM_DoorWay_Large_Door_Right.uasset" 490
"../../../../unreal projects/Escape/Content/MedievalDungeon/Blueprints/BP_Crypt_Doorway.uasset" 491
"../../../../unreal projects/Escape/Content/MedievalDungeon/Meshes/Architecture/Dungeon/SM_DoorWay.uasset" 492
"../../../../unreal projects/Escape/Content/MedievalDungeon/Blueprints/BP_Dungeon_Doorway.uasset" 493
"../../../../unreal projects/Escape/Content/MedievalDungeon/Textures/T_Gibbet_Cage_Mount_Texturing_A.uasset" 494
"../../../../unreal projects/Escape/Content/MedievalDungeon/Textures/T_Gibbet_Cage_Mount_Texturing_C.uasset" 495
"../../../../unreal projects/Escape/Content/MedievalDungeon/Textures/T_Gibbet_Cage_Mount_Texturing_N.uasset" 496
"../../../../unreal projects/Escape/Content/MedievalDungeon/Materials/M_Gibbet_Cage_Inst.uasset" 497
"../../../../unreal projects/Escape/Content/MedievalDungeon/Meshes/Props/SM_Gibbet_Cage.uasset" 498
"../../../../unreal projects/Escape/Content/MedievalDungeon/Meshes/Props/SM_Gibbet_Cage_Wall_Mount.uasset" 499
"../../../../unreal projects/Escape/Content/MedievalDungeon/Blueprints/BP_Hanging_Gibbet_Cage.uasset" 500
"../../../../unreal projects/Escape/Content/MedievalDungeon/Materials/M_Torch_Flicker_Light_Function.uasset" 501
"../../../../unreal projects/Escape/Content/MedievalDungeon/Textures/T_Half_Arch_A.uasset" 502
"../../../../unreal projects/Escape/Content/MedievalDungeon/Textures/T_Half_Arch_C.uasset" 503
"../../../../unreal projects/Escape/Content/MedievalDungeon/Textures/T_Half_Arch_N.uasset" 504
"../../../../unreal projects/Escape/Content/MedievalDungeon/Materials/M_Half_Arch_Inst.uasset" 505
"../../../../unreal projects/Escape/Content/MedievalDungeon/Textures/T_Torch_A.uasset" 506
"../../../../unreal projects/Escape/Content/MedievalDungeon/Textures/T_Torch_C.uasset" 507
"../../../../unreal projects/Escape/Content/MedievalDungeon/Textures/T_Torch_N.uasset" 508
"../../../../unreal projects/Escape/Content/MedievalDungeon/Materials/M_Torch_Inst.uasset" 509
"../../../../unreal projects/Escape/Content/MedievalDungeon/Meshes/Props/SM_Torch.uasset" 510
"../../../../unreal projects/Escape/Content/MedievalDungeon/Particles/Textures/T_Fire_SubUV.uasset" 511
"../../../../unreal projects/Escape/Content/MedievalDungeon/Particles/Textures/T_Fire_Tiled_D.uasset" 512
"../../../../unreal projects/Escape/Content/MedievalDungeon/Particles/Materials/M_Fire_SubUV.uasset" 513
"../../../../unreal projects/Escape/Content/MedievalDungeon/Textures/T_Water_N.uasset" 514
"../../../../unreal projects/Escape/Content/MedievalDungeon/Particles/Materials/M_Heat_Distortion.uasset" 515
"../../../../unreal projects/Escape/Content/MedievalDungeon/Particles/Materials/M_Radial_Gradient.uasset" 516
"../../../../unreal projects/Escape/Content/MedievalDungeon/Particles/Textures/T_Smoke_SubUV.uasset" 517
"../../../../unreal projects/Escape/Content/MedievalDungeon/Particles/Textures/T_Smoke_Tiled_D.uasset" 518
"../../../../unreal projects/Escape/Content/MedievalDungeon/Particles/Materials/M_smoke_subUV.uasset" 519
"../../../../unreal projects/Escape/Content/MedievalDungeon/Particles/P_Torch_Fire.uasset" 520
"../../../../unreal projects/Escape/Content/MedievalDungeon/Blueprints/BP_Torch.uasset" 521
"../../../../unreal projects/Escape/Content/MedievalDungeon/Maps/Demonstration_BuiltData.uasset" 522
"../../../../unreal projects/Escape/Content/MedievalDungeon/Textures/T_BrickFloor_Clean_H.uasset" 523
"../../../../unreal projects/Escape/Content/MedievalDungeon/Textures/T_BrickFloor_Clean_N.uasset" 524
"../../../../unreal projects/Escape/Content/MedievalDungeon/Materials/M_BrickFloor_Clean_Inst.uasset" 525
"../../../../unreal projects/Escape/Content/MedievalDungeon/Textures/T_Crypt_Wall_Decorative_B_Albedo.uasset" 526
"../../../../unreal projects/Escape/Content/MedievalDungeon/Textures/T_Crypt_Wall_Decorative_B_Compact.uasset" 527
"../../../../unreal projects/Escape/Content/MedievalDungeon/Textures/T_Crypt_Wall_Decorative_B_Normal.uasset" 528
"../../../../unreal projects/Escape/Content/MedievalDungeon/Materials/M_Crypt_Wall_Decorative_B_Inst.uasset" 529
"../../../../unreal projects/Escape/Content/MedievalDungeon/Textures/T_Pillar_A.uasset" 530
"../../../../unreal projects/Escape/Content/MedievalDungeon/Textures/T_Pillar_C.uasset" 531
"../../../../unreal projects/Escape/Content/MedievalDungeon/Textures/T_Pillar_N.uasset" 532
"../../../../unreal projects/Escape/Content/MedievalDungeon/Materials/M_Pillar_Inst.uasset" 533
"../../../../unreal projects/Escape/Content/MedievalDungeon/Textures/T_Statue_Hooded_Metal_A.uasset" 534
"../../../../unreal projects/Escape/Content/MedievalDungeon/Textures/T_Statue_Hooded_Metal_C.uasset" 535
"../../../../unreal projects/Escape/Content/MedievalDungeon/Textures/T_Statue_Hooded_Metal_N.uasset" 536
"../../../../unreal projects/Escape/Content/MedievalDungeon/Materials/M_Statue_Hooded_Metal_Inst.uasset" 537
"../../../../unreal projects/Escape/Content/MedievalDungeon/Textures/T_Torture_Chair_A.uasset" 538
"../../../../unreal projects/Escape/Content/MedievalDungeon/Textures/T_Torture_Chair_C.uasset" 539
"../../../../unreal projects/Escape/Content/MedievalDungeon/Textures/T_Torture_Chair_Normal.uasset" 540
"../../../../unreal projects/Escape/Content/MedievalDungeon/Materials/M_Torture_Chair_Inst.uasset" 541
"../../../Engine/Content/EngineVolumetrics/Fogsheet/T_EV_Fogsheet_FlareColors_01.uasset" 542
"../../../../unreal projects/Escape/Content/MedievalDungeon/Meshes/Architecture/Crypt/SM_Crypt_Ceiling.uasset" 543
"../../../../unreal projects/Escape/Content/MedievalDungeon/Meshes/Architecture/Crypt/SM_Crypt_Ceiling_Arch_A.uasset" 544
"../../../../unreal projects/Escape/Content/MedievalDungeon/Meshes/Architecture/Crypt/SM_Crypt_Floor.uasset" 545
"../../../../unreal projects/Escape/Content/MedievalDungeon/Meshes/Architecture/Crypt/SM_Crypt_Floor_Concave.uasset" 546
"../../../../unreal projects/Escape/Content/MedievalDungeon/Meshes/Architecture/Crypt/SM_Crypt_Floor_Concave_End_A.uasset" 547
"../../../../unreal projects/Escape/Content/MedievalDungeon/Meshes/Architecture/Crypt/SM_Crypt_Floor_Concave_End_B.uasset" 548
"../../../../unreal projects/Escape/Content/MedievalDungeon/Textures/T_Edge_Stones_And_Straight_Column_Texturing_Albedo.uasset" 549
"../../../../unreal projects/Escape/Content/MedievalDungeon/Textures/T_Edge_Stones_And_Straight_Column_Texturing_Compact.uasset" 550
"../../../../unreal projects/Escape/Content/MedievalDungeon/Textures/T_Edge_Stones_And_Straight_Column_Texturing_Normal.uasset" 551
"../../../../unreal projects/Escape/Content/MedievalDungeon/Materials/M_Edge_Stones_Inst.uasset" 552
"../../../../unreal projects/Escape/Content/MedievalDungeon/Meshes/Architecture/Crypt/SM_Crypt_Pillar.uasset" 553
"../../../../unreal projects/Escape/Content/MedievalDungeon/Meshes/Architecture/Crypt/SM_Crypt_Wall.uasset" 554
"../../../../unreal projects/Escape/Content/MedievalDungeon/Textures/T_Dungeon_Wall_Decorative_A_A.uasset" 555
"../../../../unreal projects/Escape/Content/MedievalDungeon/Textures/T_Dungeon_Wall_Decorative_A_C.uasset" 556
"../../../../unreal projects/Escape/Content/MedievalDungeon/Textures/T_Dungeon_Wall_Decorative_A_N.uasset" 557
"../../../../unreal projects/Escape/Content/MedievalDungeon/Materials/M_Crypt_Wall_Decorative_A_Inst.uasset" 558
"../../../../unreal projects/Escape/Content/MedievalDungeon/Meshes/Architecture/Crypt/SM_Crypt_Wall_Decorative_A.uasset" 559
"../../../../unreal projects/Escape/Content/MedievalDungeon/Meshes/Architecture/Crypt/SM_Crypt_Wall_Decorative_B.uasset" 560
"../../../../unreal projects/Escape/Content/MedievalDungeon/Textures/T_Crypt_Wall_Decorative_C_Albedo.uasset" 561
"../../../../unreal projects/Escape/Content/MedievalDungeon/Textures/T_Crypt_Wall_Decorative_C_Compact.uasset" 562
"../../../../unreal projects/Escape/Content/MedievalDungeon/Textures/T_Crypt_Wall_Decorative_C_Normal.uasset" 563
"../../../../unreal projects/Escape/Content/MedievalDungeon/Materials/M_Crypt_Wall_Decorative_C_Inst.uasset" 564
"../../../../unreal projects/Escape/Content/MedievalDungeon/Meshes/Architecture/Crypt/SM_Crypt_Wall_Decorative_C.uasset" 565
"../../../../unreal projects/Escape/Content/MedievalDungeon/Textures/T_Crypt_Wall_Decorative_D_A.uasset" 566
"../../../../unreal projects/Escape/Content/MedievalDungeon/Textures/T_Crypt_Wall_Decorative_D_C.uasset" 567
"../../../../unreal projects/Escape/Content/MedievalDungeon/Textures/T_Crypt_Wall_Decorative_D_N.uasset" 568
"../../../../unreal projects/Escape/Content/MedievalDungeon/Materials/M_Crypt_Wall_Decorative_D_Inst.uasset" 569
"../../../../unreal projects/Escape/Content/MedievalDungeon/Meshes/Architecture/Crypt/SM_Crypt_Wall_Decorative_D.uasset" 570
"../../../../unreal projects/Escape/Content/MedievalDungeon/Meshes/Architecture/Crypt/SM_Crypt_Wall_Floor_Trim.uasset" 571
"../../../../unreal projects/Escape/Content/MedievalDungeon/Textures/T_Tiling_Plaster_A.uasset" 572
"../../../../unreal projects/Escape/Content/MedievalDungeon/Textures/T_Tiling_Plaster_C.uasset" 573
"../../../../unreal projects/Escape/Content/MedievalDungeon/Textures/T_Tiling_Plaster_N.uasset" 574
"../../../../unreal projects/Escape/Content/MedievalDungeon/Materials/M_Tiling_Plaster_Inst.uasset" 575
"../../../../unreal projects/Escape/Content/MedievalDungeon/Meshes/Architecture/Crypt/SM_Crypt_Wall_Plaster.uasset" 576
"../../../../unreal projects/Escape/Content/MedievalDungeon/Meshes/Architecture/Crypt/SM_Crypt_Wall_Stop_Gap.uasset" 577
"../../../../unreal projects/Escape/Content/MedievalDungeon/Textures/T_Mausoleum_Part_A_A.uasset" 578
"../../../../unreal projects/Escape/Content/MedievalDungeon/Textures/T_Mausoleum_Part_A_C.uasset" 579
"../../../../unreal projects/Escape/Content/MedievalDungeon/Textures/T_Mausoleum_Part_A_N.uasset" 580
"../../../../unreal projects/Escape/Content/MedievalDungeon/Materials/M_Mausoleum_Part_A_Inst.uasset" 581
"../../../../unreal projects/Escape/Content/MedievalDungeon/Textures/T_Mausoleum_Part_B_A.uasset" 582
"../../../../unreal projects/Escape/Content/MedievalDungeon/Textures/T_Mausoleum_Part_B_C.uasset" 583
"../../../../unreal projects/Escape/Content/MedievalDungeon/Textures/T_Mausoleum_Part_B_N.uasset" 584
"../../../../unreal projects/Escape/Content/MedievalDungeon/Materials/M_Mausoleum_Part_B_Inst.uasset" 585
"../../../../unreal projects/Escape/Content/MedievalDungeon/Meshes/Architecture/Crypt/SM_Mausoleum.uasset" 586
"../../../../unreal projects/Escape/Content/MedievalDungeon/Textures/T_Mausoleum_Ceiling_A.uasset" 587
"../../../../unreal projects/Escape/Content/MedievalDungeon/Textures/T_Mausoleum_Ceiling_C.uasset" 588
"../../../../unreal projects/Escape/Content/MedievalDungeon/Textures/T_Mausoleum_Ceiling_N.uasset" 589
"../../../../unreal projects/Escape/Content/MedievalDungeon/Materials/M_Mausoleum_Ceiling_Inst.uasset" 590
"../../../../unreal projects/Escape/Content/MedievalDungeon/Meshes/Architecture/Crypt/SM_Mausoleum_Ceiling.uasset" 591
"../../../../unreal projects/Escape/Content/MedievalDungeon/Meshes/Architecture/Crypt/SM_Mausoleum_Lid_A.uasset" 592
"../../../../unreal projects/Escape/Content/MedievalDungeon/Meshes/Architecture/Crypt/SM_Mausoleum_Lid_B.uasset" 593
"../../../../unreal projects/Escape/Content/MedievalDungeon/Meshes/Architecture/Crypt/SM_Mausoleum_Lid_C.uasset" 594
"../../../../unreal projects/Escape/Content/MedievalDungeon/Meshes/Architecture/Dungeon/SM_Ceiling.uasset" 595
"../../../../unreal projects/Escape/Content/MedievalDungeon/Meshes/Architecture/Dungeon/SM_Ceiling_Arch_A.uasset" 596
"../../../../unreal projects/Escape/Content/MedievalDungeon/Meshes/Architecture/Dungeon/SM_Ceiling_Flat.uasset" 597
"../../../../unreal projects/Escape/Content/MedievalDungeon/Meshes/Architecture/Dungeon/SM_Ceiling_Half.uasset" 598
"../../../../unreal projects/Escape/Content/MedievalDungeon/Meshes/Architecture/Dungeon/SM_Ceiling_Piece.uasset" 599
"../../../../unreal projects/Escape/Content/MedievalDungeon/Meshes/Architecture/Dungeon/SM_Ceiling_Piece_B.uasset" 600
"../../../../unreal projects/Escape/Content/MedievalDungeon/Meshes/Architecture/Dungeon/SM_Ceiling_Third.uasset" 601
"../../../../unreal projects/Escape/Content/MedievalDungeon/Textures/T_Cell_Side_A.uasset" 602
"../../../../unreal projects/Escape/Content/MedievalDungeon/Textures/T_Cell_Side_C.uasset" 603
"../../../../unreal projects/Escape/Content/MedievalDungeon/Textures/T_Cell_Side_N.uasset" 604
"../../../../unreal projects/Escape/Content/MedievalDungeon/Materials/M_Cell_Side_Inst.uasset" 605
"../../../../unreal projects/Escape/Content/MedievalDungeon/Meshes/Architecture/Dungeon/SM_Cell_Side.uasset" 606
"../../../../unreal projects/Escape/Content/MedievalDungeon/Textures/T_Decorative_Arches_A.uasset" 607
"../../../../unreal projects/Escape/Content/MedievalDungeon/Textures/T_Decorative_Arches_C.uasset" 608
"../../../../unreal projects/Escape/Content/MedievalDungeon/Textures/T_Decorative_Arches_N.uasset" 609
"../../../../unreal projects/Escape/Content/MedievalDungeon/Materials/M_Decorative_Arches_Inst.uasset" 610
"../../../../unreal projects/Escape/Content/MedievalDungeon/Meshes/Architecture/Dungeon/SM_Decorative_Arches.uasset" 611
"../../../../unreal projects/Escape/Content/MedievalDungeon/Meshes/Architecture/Dungeon/SM_Dungeon_Wall.uasset" 612
"../../../../unreal projects/Escape/Content/MedievalDungeon/Materials/M_Dungeon_Wall_Decorative_A_Inst.uasset" 613
"../../../../unreal projects/Escape/Content/MedievalDungeon/Meshes/Architecture/Dungeon/SM_Dungeon_Wall_Decorative_A.uasset" 614
"../../../../unreal projects/Escape/Content/MedievalDungeon/Meshes/Architecture/Dungeon/SM_Dungeon_Wall_Decorative_D.uasset" 615
"../../../../unreal projects/Escape/Content/MedievalDungeon/Meshes/Architecture/Dungeon/SM_Edge_Stones.uasset" 616
"../../../../unreal projects/Escape/Content/MedievalDungeon/Textures/T_Fire_Pit_A.uasset" 617
"../../../../unreal projects/Escape/Content/MedievalDungeon/Textures/T_Fire_Pit_C.uasset" 618
"../../../../unreal projects/Escape/Content/MedievalDungeon/Textures/T_Fire_Pit_N.uasset" 619
"../../../../unreal projects/Escape/Content/MedievalDungeon/Materials/M_Fire_Pit_Inst.uasset" 620
"../../../../unreal projects/Escape/Content/MedievalDungeon/Textures/T_SplitLog_A.uasset" 621
"../../../../unreal projects/Escape/Content/MedievalDungeon/Textures/T_SplitLog_C.uasset" 622
"../../../../unreal projects/Escape/Content/MedievalDungeon/Textures/T_SplitLog_N.uasset" 623
"../../../../unreal projects/Escape/Content/MedievalDungeon/Materials/M_Log_Inst.uasset" 624
"../../../../unreal projects/Escape/Content/MedievalDungeon/Meshes/Architecture/Dungeon/SM_Fire_Pit.uasset" 625
"../../../../unreal projects/Escape/Content/MedievalDungeon/Meshes/Architecture/Dungeon/SM_Floor.uasset" 626
"../../../../unreal projects/Escape/Content/MedievalDungeon/Meshes/Architecture/Dungeon/SM_Half_Arch.uasset" 627
"../../../../unreal projects/Escape/Content/MedievalDungeon/Meshes/Architecture/Dungeon/SM_Large_Window_Half.uasset" 628
"../../../../unreal projects/Escape/Content/MedievalDungeon/Meshes/Architecture/Dungeon/SM_Pillar.uasset" 629
"../../../../unreal projects/Escape/Content/MedievalDungeon/Textures/T_Small_Window_A.uasset" 630
"../../../../unreal projects/Escape/Content/MedievalDungeon/Textures/T_Small_Window_C.uasset" 631
"../../../../unreal projects/Escape/Content/MedievalDungeon/Textures/T_Small_Window_N.uasset" 632
"../../../../unreal projects/Escape/Content/MedievalDungeon/Materials/M_Small_Window_Inst.uasset" 633
"../../../../unreal projects/Escape/Content/MedievalDungeon/Meshes/Architecture/Dungeon/SM_Small_Window_Half.uasset" 634
"../../../../unreal projects/Escape/Content/MedievalDungeon/Textures/T_Stairs_10_Albedo.uasset" 635
"../../../../unreal projects/Escape/Content/MedievalDungeon/Textures/T_Stairs_10_Compact.uasset" 636
"../../../../unreal projects/Escape/Content/MedievalDungeon/Textures/T_Stairs_10_Normal.uasset" 637
"../../../../unreal projects/Escape/Content/MedievalDungeon/Materials/M_Stairs_10_Inst.uasset" 638
"../../../../unreal projects/Escape/Content/MedievalDungeon/Meshes/Architecture/Dungeon/SM_Stairs_10.uasset" 639
"../../../../unreal projects/Escape/Content/MedievalDungeon/Meshes/Architecture/Dungeon/SM_Stairs_5.uasset" 640
"../../../../unreal projects/Escape/Content/MedievalDungeon/Meshes/Architecture/Dungeon/SM_Wall_Floor_Trim.uasset" 641
"../../../../unreal projects/Escape/Content/MedievalDungeon/Meshes/Architecture/Dungeon/Wall_Short.uasset" 642
"../../../../unreal projects/Escape/Content/MedievalDungeon/Textures/T_Stone_Altar_A.uasset" 643
"../../../../unreal projects/Escape/Content/MedievalDungeon/Textures/T_Stone_Altar_C.uasset" 644
"../../../../unreal projects/Escape/Content/MedievalDungeon/Textures/T_Stone_Altar_N.uasset" 645
"../../../../unreal projects/Escape/Content/MedievalDungeon/Materials/M_Stone_Altar_Inst.uasset" 646
"../../../../unreal projects/Escape/Content/MedievalDungeon/Meshes/Props/SM_Alter.uasset" 647
"../../../../unreal projects/Escape/Content/MedievalDungeon/Textures/T_Chains_Texturing_A.uasset" 648
"../../../../unreal projects/Escape/Content/MedievalDungeon/Textures/T_Chains_Texturing_C.uasset" 649
"../../../../unreal projects/Escape/Content/MedievalDungeon/Textures/T_Chains_Texturing_N.uasset" 650
"../../../../unreal projects/Escape/Content/MedievalDungeon/Materials/M_Chains_Inst.uasset" 651
"../../../../unreal projects/Escape/Content/MedievalDungeon/Meshes/Props/SM_Ball_And_Chain.uasset" 652
"../../../../unreal projects/Escape/Content/MedievalDungeon/Textures/T_Bed_A.uasset" 653
"../../../../unreal projects/Escape/Content/MedievalDungeon/Textures/T_Bed_C.uasset" 654
"../../../../unreal projects/Escape/Content/MedievalDungeon/Textures/T_Bed_N.uasset" 655
"../../../../unreal projects/Escape/Content/MedievalDungeon/Materials/M_Bed_Inst.uasset" 656
"../../../../unreal projects/Escape/Content/MedievalDungeon/Meshes/Props/SM_Bed.uasset" 657
"../../../../unreal projects/Escape/Content/MedievalDungeon/Meshes/Props/SM_Coffin.uasset" 658
"../../../../unreal projects/Escape/Content/MedievalDungeon/Meshes/Props/SM_Decor_Chains_A.uasset" 659
"../../../../unreal projects/Escape/Content/MedievalDungeon/Meshes/Props/SM_Decor_Chains_B.uasset" 660
"../../../../unreal projects/Escape/Content/MedievalDungeon/Meshes/Props/SM_Decor_Ring.uasset" 661
"../../../../unreal projects/Escape/Content/MedievalDungeon/Textures/T_Dirt_Mound_Texturing_A.uasset" 662
"../../../../unreal projects/Escape/Content/MedievalDungeon/Textures/T_Dirt_Mound_Texturing_C.uasset" 663
"../../../../unreal projects/Escape/Content/MedievalDungeon/Textures/T_Dirt_Mound_Texturing_N.uasset" 664
"../../../../unreal projects/Escape/Content/MedievalDungeon/Materials/M_Dirt_Mounds_Inst.uasset" 665
"../../../../unreal projects/Escape/Content/MedievalDungeon/Meshes/Props/SM_Dirt_Mound_A.uasset" 666
"../../../../unreal projects/Escape/Content/MedievalDungeon/Meshes/Props/SM_Dirt_Mound_B.uasset" 667
"../../../../unreal projects/Escape/Content/MedievalDungeon/Meshes/Props/SM_Dirt_Mound_C.uasset" 668
"../../../../unreal projects/Escape/Content/MedievalDungeon/Meshes/Props/SM_Dirt_Mound_D.uasset" 669
"../../../../unreal projects/Escape/Content/MedievalDungeon/Textures/T_Gargoyle_A.uasset" 670
"../../../../unreal projects/Escape/Content/MedievalDungeon/Textures/T_Gargoyle_C.uasset" 671
"../../../../unreal projects/Escape/Content/MedievalDungeon/Textures/T_Gargoyle_N.uasset" 672
"../../../../unreal projects/Escape/Content/MedievalDungeon/Materials/M_Gargoyle_Inst.uasset" 673
"../../../../unreal projects/Escape/Content/MedievalDungeon/Textures/T_Gargoyle_Stand_A.uasset" 674
"../../../../unreal projects/Escape/Content/MedievalDungeon/Textures/T_Gargoyle_Stand_C.uasset" 675
"../../../../unreal projects/Escape/Content/MedievalDungeon/Textures/T_Gargoyle_Stand_N.uasset" 676
"../../../../unreal projects/Escape/Content/MedievalDungeon/Materials/M_Gargoyle_Stand_Inst.uasset" 677
"../../../../unreal projects/Escape/Content/MedievalDungeon/Meshes/Props/SM_Gargoyle_Statue_On_Stand.uasset" 678
"../../../../unreal projects/Escape/Content/MedievalDungeon/Meshes/Props/SM_Gibbet_Cage_Open.uasset" 679
"../../../../unreal projects/Escape/Content/MedievalDungeon/Meshes/Props/SM_Handcuff.uasset" 680
"../../../../unreal projects/Escape/Content/MedievalDungeon/Meshes/Props/SM_Lock_Closed.uasset" 681
"../../../../unreal projects/Escape/Content/MedievalDungeon/Meshes/Props/SM_Lock_Key.uasset" 682
"../../../../unreal projects/Escape/Content/MedievalDungeon/Meshes/Props/SM_Lock_Open.uasset" 683
"../../../../unreal projects/Escape/Content/MedievalDungeon/Textures/T_Pots_Texturing_A.uasset" 684
"../../../../unreal projects/Escape/Content/MedievalDungeon/Textures/T_Pots_Texturing_C.uasset" 685
"../../../../unreal projects/Escape/Content/MedievalDungeon/Textures/T_Pots_Texturing_N.uasset" 686
"../../../../unreal projects/Escape/Content/MedievalDungeon/Materials/M_Pots_Inst.uasset" 687
"../../../../unreal projects/Escape/Content/MedievalDungeon/Meshes/Props/SM_Pot_A_Body.uasset" 688
"../../../../unreal projects/Escape/Content/MedievalDungeon/Meshes/Props/SM_Pot_A_Complete.uasset" 689
"../../../../unreal projects/Escape/Content/MedievalDungeon/Meshes/Props/SM_Pot_A_Lid.uasset" 690
"../../../../unreal projects/Escape/Content/MedievalDungeon/Meshes/Props/SM_Pot_B_Body.uasset" 691
"../../../../unreal projects/Escape/Content/MedievalDungeon/Meshes/Props/SM_Pot_B_Complete.uasset" 692
"../../../../unreal projects/Escape/Content/MedievalDungeon/Meshes/Props/SM_Pot_B_Lid.uasset" 693
"../../../../unreal projects/Escape/Content/MedievalDungeon/Meshes/Props/SM_Pot_C_Body.uasset" 694
"../../../../unreal projects/Escape/Content/MedievalDungeon/Meshes/Props/SM_Pot_C_Complete.uasset" 695
"../../../../unreal projects/Escape/Content/MedievalDungeon/Meshes/Props/SM_Pot_C_Lid.uasset" 696
"../../../../unreal projects/Escape/Content/MedievalDungeon/Textures/T_Statue_Hooded_A.uasset" 697
"../../../../unreal projects/Escape/Content/MedievalDungeon/Textures/T_Statue_Hooded_N.uasset" 698
"../../../../unreal projects/Escape/Content/MedievalDungeon/Textures/T_Statue_Hooded_R.uasset" 699
"../../../../unreal projects/Escape/Content/MedievalDungeon/Materials/M_Statue.uasset" 700
"../../../../unreal projects/Escape/Content/MedievalDungeon/Meshes/Props/SM_Statue_Hooded.uasset" 701
"../../../../unreal projects/Escape/Content/MedievalDungeon/Textures/T_Statue_Stand_A.uasset" 702
"../../../../unreal projects/Escape/Content/MedievalDungeon/Textures/T_Statue_Stand_C.uasset" 703
"../../../../unreal projects/Escape/Content/MedievalDungeon/Textures/T_Statue_Stand_N.uasset" 704
"../../../../unreal projects/Escape/Content/MedievalDungeon/Materials/M_Statue_Stand_Inst.uasset" 705
"../../../../unreal projects/Escape/Content/MedievalDungeon/Meshes/Props/SM_Statue_Stand.uasset" 706
"../../../../unreal projects/Escape/Content/MedievalDungeon/Textures/T_Stocks_A.uasset" 707
"../../../../unreal projects/Escape/Content/MedievalDungeon/Textures/T_Stocks_C.uasset" 708
"../../../../unreal projects/Escape/Content/MedievalDungeon/Textures/T_Stocks_N.uasset" 709
"../../../../unreal projects/Escape/Content/MedievalDungeon/Materials/M_Stocks_Inst.uasset" 710
"../../../../unreal projects/Escape/Content/MedievalDungeon/Meshes/Props/SM_Stocks_Game_Ready.uasset" 711
"../../../../unreal projects/Escape/Content/MedievalDungeon/Textures/T_Stone_Coffin_A.uasset" 712
"../../../../unreal projects/Escape/Content/MedievalDungeon/Textures/T_Stone_Coffin_C.uasset" 713
"../../../../unreal projects/Escape/Content/MedievalDungeon/Textures/T_Stone_Coffin_N.uasset" 714
"../../../../unreal projects/Escape/Content/MedievalDungeon/Materials/M_Stone_Coffin_Inst.uasset" 715
"../../../../unreal projects/Escape/Content/MedievalDungeon/Meshes/Props/SM_Stone_Coffin.uasset" 716
"../../../../unreal projects/Escape/Content/MedievalDungeon/Meshes/Props/SM_Stone_Coffin_Body.uasset" 717
"../../../../unreal projects/Escape/Content/MedievalDungeon/Meshes/Props/SM_Stone_Coffin_Lid.uasset" 718
"../../../../unreal projects/Escape/Content/MedievalDungeon/Textures/T_Table_A.uasset" 719
"../../../../unreal projects/Escape/Content/MedievalDungeon/Textures/T_Table_C.uasset" 720
"../../../../unreal projects/Escape/Content/MedievalDungeon/Textures/T_Table_N.uasset" 721
"../../../../unreal projects/Escape/Content/MedievalDungeon/Materials/M_Table_Inst.uasset" 722
"../../../../unreal projects/Escape/Content/MedievalDungeon/Meshes/Props/SM_Table.uasset" 723
"../../../../unreal projects/Escape/Content/MedievalDungeon/Meshes/Props/SM_Torture_Chair.uasset" 724
"../../../../unreal projects/Escape/Content/MedievalDungeon/Meshes/Props/SM_Wood_G.uasset" 725
"../../../../unreal projects/Escape/Content/MedievalDungeon/Meshes/Skeletons/SM_Bones_Arm.uasset" 726
"../../../../unreal projects/Escape/Content/MedievalDungeon/Meshes/Skeletons/SM_Bones_ClavicalLeft.uasset" 727
"../../../../unreal projects/Escape/Content/MedievalDungeon/Meshes/Skeletons/SM_Bones_ClavicalRight.uasset" 728
"../../../../unreal projects/Escape/Content/MedievalDungeon/Meshes/Skeletons/SM_Bones_FemurLeft.uasset" 729
"../../../../unreal projects/Escape/Content/MedievalDungeon/Meshes/Skeletons/SM_Bones_FemurRight.uasset" 730
"../../../../unreal projects/Escape/Content/MedievalDungeon/Meshes/Skeletons/SM_Bones_FibulaLeft.uasset" 731
"../../../../unreal projects/Escape/Content/MedievalDungeon/Meshes/Skeletons/SM_Bones_FibulaRight.uasset" 732
"../../../../unreal projects/Escape/Content/MedievalDungeon/Meshes/Skeletons/SM_Bones_FootLeft.uasset" 733
"../../../../unreal projects/Escape/Content/MedievalDungeon/Meshes/Skeletons/SM_Bones_HandLeft.uasset" 734
"../../../../unreal projects/Escape/Content/MedievalDungeon/Meshes/Skeletons/SM_Bones_HandRight.uasset" 735
"../../../../unreal projects/Escape/Content/MedievalDungeon/Meshes/Skeletons/SM_Bones_Hips.uasset" 736
"../../../../unreal projects/Escape/Content/MedievalDungeon/Meshes/Skeletons/SM_Bones_Jaw.uasset" 737
"../../../../unreal projects/Escape/Content/MedievalDungeon/Meshes/Skeletons/SM_Bones_Leg.uasset" 738
"../../../../unreal projects/Escape/Content/MedievalDungeon/Meshes/Skeletons/SM_Bones_Neck.uasset" 739
"../../../../unreal projects/Escape/Content/MedievalDungeon/Meshes/Skeletons/SM_Bones_RadiusLeft.uasset" 740
"../../../../unreal projects/Escape/Content/MedievalDungeon/Meshes/Skeletons/SM_Bones_RadiusRight.uasset" 741
"../../../../unreal projects/Escape/Content/MedievalDungeon/Meshes/Skeletons/SM_Bones_RibCage.uasset" 742
"../../../../unreal projects/Escape/Content/MedievalDungeon/Meshes/Skeletons/SM_Bones_ScapulaLeft.uasset" 743
"../../../../unreal projects/Escape/Content/MedievalDungeon/Meshes/Skeletons/SM_Bones_Skull.uasset" 744
"../../../../unreal projects/Escape/Content/MedievalDungeon/Meshes/Skeletons/SM_Bones_TibiaLeft.uasset" 745
"../../../../unreal projects/Escape/Content/MedievalDungeon/Meshes/Skeletons/SM_Bones_TibiaRight.uasset" 746
"../../../../unreal projects/Escape/Content/MedievalDungeon/Meshes/Skeletons/SM_Bones_UlnaLeft.uasset" 747
"../../../../unreal projects/Escape/Content/MedievalDungeon/Meshes/Skeletons/SM_Bones_UlnaRight.uasset" 748
"../../../../unreal projects/Escape/Content/MedievalDungeon/Meshes/Skeletons/SM_Skeleton_01.uasset" 749
"../../../../unreal projects/Escape/Content/MedievalDungeon/Meshes/Skeletons/SM_Skeleton_02.uasset" 750
"../../../../unreal projects/Escape/Content/MedievalDungeon/Meshes/Skeletons/SM_Skeleton_03.uasset" 751
"../../../../unreal projects/Escape/Content/MedievalDungeon/Meshes/Skeletons/SM_Skeleton_05.uasset" 752
"../../../../unreal projects/Escape/Content/MedievalDungeon/Particles/P_Pit_Fire.uasset" 753
"../../../../unreal projects/Escape/Content/MedievalDungeon/Textures/T_Medieval_Dungeon_LUT.uasset" 754
"../../../../unreal projects/Escape/Content/MedievalDungeon/Maps/Demonstration.umap" 755
"../../../../unreal projects/Escape/Content/StarterContent/Blueprints/Assets/FogBrightnessLUT.uasset" 756
"../../../../unreal projects/Escape/Content/StarterContent/Blueprints/Assets/SunlightColorLUT.uasset" 757
"../../../../unreal projects/Escape/Content/StarterContent/Blueprints/Assets/M_LightStage_Arrows.uasset" 758
"../../../Engine/Content/MapTemplates/Sky/DaylightAmbientCubemap.uasset" 759
"../../../../unreal projects/Escape/Content/StarterContent/Blueprints/Assets/M_LightStage_Skybox_Master.uasset" 760
"../../../../unreal projects/Escape/Content/StarterContent/Blueprints/Assets/M_LightStage_Skybox_Black.uasset" 761
"../../../../unreal projects/Escape/Content/StarterContent/Blueprints/Assets/M_LightStage_Skybox_HDRI.uasset" 762
"../../../Engine/Content/EditorMaterials/Thumbnails/SkySphereMaterial.uasset" 763
"../../../../unreal projects/Escape/Content/StarterContent/Blueprints/Assets/Skybox.uasset" 764
"../../../../unreal projects/Escape/Content/StarterContent/Blueprints/Assets/SM_Arrows.uasset" 765
"../../../../unreal projects/Escape/Content/StarterContent/HDRI/HDRI_Epic_Courtyard_Daylight.uasset" 766
"../../../../unreal projects/Escape/Content/StarterContent/Blueprints/BP_LightStudio.uasset" 767
"../../../../unreal projects/Escape/Content/StarterContent/Maps/Advanced_Lighting_BuiltData.uasset" 768
"../../../../unreal projects/Escape/Content/StarterContent/Materials/M_AssetPlatform.uasset" 769
"../../../Engine/Content/EditorMeshes/ColorCalibrator/M_ChromeBall.uasset" 770
"../../../Engine/Content/EditorMeshes/ColorCalibrator/M_ClearCoat.uasset" 771
"../../../Engine/Content/EditorMeshes/ColorCalibrator/M_ClearCoatBlack.uasset" 772
"../../../Engine/Content/EditorMeshes/ColorCalibrator/Color_checker.uasset" 773
"../../../Engine/Content/EditorMeshes/ColorCalibrator/M_ColorGrid.uasset" 774
"../../../Engine/Content/EditorMeshes/ColorCalibrator/M_GreyBall.uasset" 775
"../../../Engine/Content/EditorMeshes/ColorCalibrator/SM_ColorCalibrator.uasset" 776
"../../../../unreal projects/Escape/Content/StarterContent/Architecture/SM_AssetPlatform.uasset" 777
"../../../../unreal projects/Escape/Content/StarterContent/Maps/Advanced_Lighting.umap" 778
"../../../Engine/Content/BufferVisualization/BaseColor.uasset" 779
"../../../../unreal projects/Escape/Content/BPs/Actors_and_shit/DefaultPawn_BP.uasset" 780
"../../../../unreal projects/Escape/Content/BPs/GameMode_BP.uasset" 781
"../../../../unreal projects/Escape/Content/StarterContent/Maps/MenuMap_BuiltData.uasset" 782
"../../../Engine/Content/MapTemplates/SM_Template_Map_Floor.uasset" 783
"../../../../unreal projects/Escape/Content/StarterContent/Maps/MenuMap.umap" 784
"../../../../unreal projects/Escape/Content/StarterContent/Maps/Minimal_Default_BuiltData.uasset" 785
"../../../../unreal projects/Escape/Content/StarterContent/Materials/M_Metal_Brushed_Nickel.uasset" 786
"../../../../unreal projects/Escape/Content/StarterContent/Textures/T_Metal_Aluminum_D.uasset" 787
"../../../../unreal projects/Escape/Content/StarterContent/Textures/T_Metal_Gold_N.uasset" 788
"../../../../unreal projects/Escape/Content/StarterContent/Materials/M_Metal_Burnished_Steel.uasset" 789
"../../../../unreal projects/Escape/Content/StarterContent/Textures/T_Metal_Copper_D.uasset" 790
"../../../../unreal projects/Escape/Content/StarterContent/Materials/M_Metal_Copper.uasset" 791
"../../../../unreal projects/Escape/Content/StarterContent/Textures/T_Statue_M.uasset" 792
"../../../../unreal projects/Escape/Content/StarterContent/Textures/T_Statue_N.uasset" 793
"../../../../unreal projects/Escape/Content/StarterContent/Props/Materials/M_StatueGlass.uasset" 794
"../../../../unreal projects/Escape/Content/StarterContent/Architecture/Floor_400x400.uasset" 795
"../../../../unreal projects/Escape/Content/StarterContent/Audio/Starter_Background_Cue.uasset" 796
"../../../../unreal projects/Escape/Content/StarterContent/Props/SM_Chair.uasset" 797
"../../../../unreal projects/Escape/Content/StarterContent/Props/Materials/M_Statue.uasset" 798
"../../../../unreal projects/Escape/Content/StarterContent/Props/SM_Statue.uasset" 799
"../../../../unreal projects/Escape/Content/StarterContent/Textures/T_TableRound_M.uasset" 800
"../../../../unreal projects/Escape/Content/StarterContent/Textures/T_TableRound_N.uasset" 801
"../../../../unreal projects/Escape/Content/StarterContent/Props/Materials/M_TableRound.uasset" 802
"../../../../unreal projects/Escape/Content/StarterContent/Props/SM_TableRound.uasset" 803
"../../../../unreal projects/Escape/Content/StarterContent/Maps/Minimal_Default.umap" 804
"../../../../unreal projects/Escape/Content/StarterContent/Maps/NewMap_BuiltData.uasset" 805
"../../../Engine/Content/BasicShapes/BasicShapeMaterial.uasset" 806
"../../../../unreal projects/Escape/Content/Megascans/Surfaces/Granite_Stone_Wall_00/umkicieg_2K_Albedo.uasset" 807
"../../../../unreal projects/Escape/Content/Imported_Stuff/umkicieg_2K_Albedo_Mat.uasset" 808
"../../../../unreal projects/Escape/Content/Imported_Stuff/Ceiling_Mat.uasset" 809
"../../../../unreal projects/Escape/Content/Imported_Stuff/Stone_Floor.uasset" 810
"../../../../unreal projects/Escape/Content/Imported_Stuff/Stone_Frame_Mat_inst.uasset" 811
"../../../../unreal projects/Escape/Content/Imported_Stuff/Stone_Wall.uasset" 812
"../../../../unreal projects/Escape/Content/Megascans/Surfaces/Granite_Stone_Wall_00/umkicieg_2K_Normal.uasset" 813
"../../../../unreal projects/Escape/Content/Megascans/Surfaces/Granite_Stone_Wall_00/umkicieg_2K_Roughness.uasset" 814
"../../../../unreal projects/Escape/Content/Megascans/Surfaces/Granite_Stone_Wall_00/Granite_Stone_Wall_00_inst.uasset" 815
"../../../Engine/Content/BasicShapes/Cone.uasset" 816
"../../../Engine/Content/BasicShapes/Cube.uasset" 817
"../../../Engine/Content/BasicShapes/Sphere.uasset" 818
"../../../../unreal projects/Escape/Content/Imported_Stuff/51_3_door-lock.uasset" 819
"../../../../unreal projects/Escape/Content/Imported_Stuff/Models/SM_DoorFrame.uasset" 820
"../../../../unreal projects/Escape/Content/StarterContent/Maps/NewMap.umap" 821
"../../../../unreal projects/Escape/Content/StarterContent/Maps/NewMap1_BuiltData.uasset" 822
"../../../../unreal projects/Escape/Content/BPs/Actors_and_shit/TutorialWidget.uasset" 823
"../../../../unreal projects/Escape/Content/MedievalDungeon/Meshes/Architecture/Crypt/SM_Crypt_Ceiling_Flat.uasset" 824
"../../../../unreal projects/Escape/Content/MedievalDungeon/Meshes/Architecture/Crypt/SM_Crypt_Wall_Half.uasset" 825
"../../../../unreal projects/Escape/Content/MedievalDungeon/Meshes/Props/SM_Gargoyle_Statue.uasset" 826
"../../../../unreal projects/Escape/Content/MedievalDungeon/Meshes/Props/SM_Gargoyle_Statue_Stand.uasset" 827
"../../../../unreal projects/Escape/Content/MedievalDungeon/Meshes/Props/SM_SplitLog.uasset" 828
"../../../../unreal projects/Escape/Content/MedievalDungeon/Meshes/Props/SM_Statue_Hooded_Metal.uasset" 829
"../../../../unreal projects/Escape/Content/Megascans/3D_Assets/Fireplace_00/ujjtcjnfa_2K_Albedo.uasset" 830
"../../../../unreal projects/Escape/Content/Megascans/3D_Assets/Fireplace_00/ujjtcjnfa_2K_Normal_LOD0.uasset" 831
"../../../../unreal projects/Escape/Content/Megascans/3D_Assets/Fireplace_00/ujjtcjnfa_2K_Roughness.uasset" 832
"../../../../unreal projects/Escape/Content/Megascans/3D_Assets/Fireplace_00/Fireplace_00_inst.uasset" 833
"../../../../unreal projects/Escape/Content/Megascans/3D_Assets/Fireplace_00/ujjtcjnfa_LOD0.uasset" 834
"../../../../unreal projects/Escape/Content/StarterContent/Maps/NewMap1.umap" 835
"../../../../unreal projects/Escape/Content/StarterContent/Audio/Fire01_Cue.uasset" 836
"../../../../unreal projects/Escape/Content/StarterContent/Textures/T_Fire_SubUV.uasset" 837
"../../../../unreal projects/Escape/Content/StarterContent/Textures/T_Fire_Tiled_D.uasset" 838
"../../../../unreal projects/Escape/Content/StarterContent/Particles/Materials/M_Fire_SubUV.uasset" 839
"../../../../unreal projects/Escape/Content/StarterContent/Textures/T_Water_N.uasset" 840
"../../../../unreal projects/Escape/Content/StarterContent/Particles/Materials/M_Heat_Distortion.uasset" 841
"../../../../unreal projects/Escape/Content/StarterContent/Particles/Materials/M_Radial_Gradient.uasset" 842
"../../../../unreal projects/Escape/Content/StarterContent/Particles/P_Fire.uasset" 843
"../../../../unreal projects/Escape/Content/StarterContent/Blueprints/Blueprint_Effect_Fire.uasset" 844
"../../../../unreal projects/Escape/Content/StarterContent/Audio/Smoke01_Cue.uasset" 845
"../../../../unreal projects/Escape/Content/StarterContent/Particles/P_Smoke.uasset" 846
"../../../../unreal projects/Escape/Content/StarterContent/Blueprints/Blueprint_Effect_Smoke.uasset" 847
"../../../../unreal projects/Escape/Content/StarterContent/Audio/Fire_Sparks01_Cue.uasset" 848
"../../../../unreal projects/Escape/Content/StarterContent/Textures/T_Spark_Core.uasset" 849
"../../../../unreal projects/Escape/Content/StarterContent/Particles/Materials/M_Spark.uasset" 850
"../../../../unreal projects/Escape/Content/StarterContent/Particles/P_Sparks.uasset" 851
"../../../../unreal projects/Escape/Content/StarterContent/Blueprints/Blueprint_Effect_Sparks.uasset" 852
"../../../../unreal projects/Escape/Content/StarterContent/Audio/Steam01_Cue.uasset" 853
"../../../../unreal projects/Escape/Content/StarterContent/Particles/P_Steam_Lit.uasset" 854
"../../../../unreal projects/Escape/Content/StarterContent/Blueprints/Blueprint_Effect_Steam.uasset" 855
"../../../../unreal projects/Escape/Content/StarterContent/Textures/T_Lamp_M.uasset" 856
"../../../../unreal projects/Escape/Content/StarterContent/Textures/T_Lamp_N.uasset" 857
"../../../../unreal projects/Escape/Content/StarterContent/Props/Materials/M_Lamp.uasset" 858
"../../../../unreal projects/Escape/Content/StarterContent/Props/SM_Lamp_Ceiling.uasset" 859
"../../../../unreal projects/Escape/Content/StarterContent/Blueprints/Blueprint_CeilingLight.uasset" 860
"../../../../unreal projects/Escape/Content/StarterContent/Props/SM_Lamp_Wall.uasset" 861
"../../../../unreal projects/Escape/Content/StarterContent/Blueprints/Blueprint_WallSconce.uasset" 862
"../../../../unreal projects/Escape/Content/StarterContent/Maps/StarterMap_BuiltData.uasset" 863
"../../../Engine/Content/Functions/Engine_MaterialFunctions03/Procedurals/ComputeFilterWidth.uasset" 864
"../../../Engine/Content/EngineMaterials/AntiAliasedTextMaterialTranslucent.uasset" 865
"../../../../unreal projects/Escape/Content/StarterContent/Textures/T_Brick_Clay_Beveled_D.uasset" 866
"../../../../unreal projects/Escape/Content/StarterContent/Textures/T_Brick_Clay_Beveled_M.uasset" 867
"../../../../unreal projects/Escape/Content/StarterContent/Textures/T_Brick_Clay_Beveled_N.uasset" 868
"../../../../unreal projects/Escape/Content/StarterContent/Materials/M_Brick_Clay_Beveled.uasset" 869
"../../../../unreal projects/Escape/Content/StarterContent/Textures/T_Brick_Clay_New_D.uasset" 870
"../../../../unreal projects/Escape/Content/StarterContent/Textures/T_Brick_Clay_New_M.uasset" 871
"../../../../unreal projects/Escape/Content/StarterContent/Textures/T_Brick_Clay_New_N.uasset" 872
"../../../../unreal projects/Escape/Content/StarterContent/Materials/M_Brick_Clay_New.uasset" 873
"../../../../unreal projects/Escape/Content/StarterContent/Textures/T_Brick_Clay_Old_D.uasset" 874
"../../../../unreal projects/Escape/Content/StarterContent/Textures/T_Brick_Clay_Old_N.uasset" 875
"../../../../unreal projects/Escape/Content/StarterContent/Textures/T_Perlin_Noise_M.uasset" 876
"../../../../unreal projects/Escape/Content/StarterContent/Materials/M_Brick_Clay_Old.uasset" 877
"../../../../unreal projects/Escape/Content/StarterContent/Textures/T_Brick_Cut_Stone_D.uasset" 878
"../../../../unreal projects/Escape/Content/StarterContent/Textures/T_Brick_Cut_Stone_N.uasset" 879
"../../../../unreal projects/Escape/Content/StarterContent/Materials/M_Brick_Cut_Stone.uasset" 880
"../../../../unreal projects/Escape/Content/StarterContent/Textures/T_Brick_Hewn_Stone_D.uasset" 881
"../../../../unreal projects/Escape/Content/StarterContent/Textures/T_Brick_Hewn_Stone_M.uasset" 882
"../../../../unreal projects/Escape/Content/StarterContent/Textures/T_Brick_Hewn_Stone_N.uasset" 883
"../../../../unreal projects/Escape/Content/StarterContent/Materials/M_Brick_Hewn_Stone.uasset" 884
"../../../../unreal projects/Escape/Content/StarterContent/Textures/T_Ceramic_Tile_M.uasset" 885
"../../../../unreal projects/Escape/Content/StarterContent/Textures/T_Ceramic_Tile_N.uasset" 886
"../../../../unreal projects/Escape/Content/StarterContent/Textures/T_Rock_Marble_Polished_D.uasset" 887
"../../../../unreal projects/Escape/Content/StarterContent/Materials/M_Ceramic_Tile_Checker.uasset" 888
"../../../../unreal projects/Escape/Content/StarterContent/Textures/T_CobbleStone_Pebble_D.uasset" 889
"../../../../unreal projects/Escape/Content/StarterContent/Textures/T_CobbleStone_Pebble_M.uasset" 890
"../../../../unreal projects/Escape/Content/StarterContent/Textures/T_CobbleStone_Pebble_N.uasset" 891
"../../../../unreal projects/Escape/Content/StarterContent/Materials/M_CobbleStone_Pebble.uasset" 892
"../../../../unreal projects/Escape/Content/StarterContent/Textures/T_CobbleStone_Rough_D.uasset" 893
"../../../../unreal projects/Escape/Content/StarterContent/Textures/T_CobbleStone_Rough_N.uasset" 894
"../../../../unreal projects/Escape/Content/StarterContent/Textures/T_Gradinet_01.uasset" 895
"../../../../unreal projects/Escape/Content/StarterContent/Textures/T_Rock_Smooth_Granite_D.uasset" 896
"../../../../unreal projects/Escape/Content/StarterContent/Materials/M_CobbleStone_Rough.uasset" 897
"../../../../unreal projects/Escape/Content/StarterContent/Textures/T_CobbleStone_Smooth_D.uasset" 898
"../../../../unreal projects/Escape/Content/StarterContent/Textures/T_CobbleStone_Smooth_M.uasset" 899
"../../../../unreal projects/Escape/Content/StarterContent/Textures/T_CobbleStone_Smooth_N.uasset" 900
"../../../../unreal projects/Escape/Content/StarterContent/Materials/M_CobbleStone_Smooth.uasset" 901
"../../../../unreal projects/Escape/Content/StarterContent/Textures/T_Concrete_Grime_D.uasset" 902
"../../../../unreal projects/Escape/Content/StarterContent/Textures/T_Metal_Rust_N.uasset" 903
"../../../../unreal projects/Escape/Content/StarterContent/Materials/M_Concrete_Grime.uasset" 904
"../../../../unreal projects/Escape/Content/StarterContent/Textures/T_Concrete_Panels_D.uasset" 905
"../../../../unreal projects/Escape/Content/StarterContent/Textures/T_Concrete_Panels_N.uasset" 906
"../../../../unreal projects/Escape/Content/StarterContent/Materials/M_Concrete_Panels.uasset" 907
"../../../../unreal projects/Escape/Content/StarterContent/Textures/T_Concrete_Poured_D.uasset" 908
"../../../../unreal projects/Escape/Content/StarterContent/Textures/T_Concrete_Poured_N.uasset" 909
"../../../../unreal projects/Escape/Content/StarterContent/Materials/M_Concrete_Poured.uasset" 910
"../../../../unreal projects/Escape/Content/StarterContent/Textures/T_Concrete_Tiles_D.uasset" 911
"../../../../unreal projects/Escape/Content/StarterContent/Textures/T_Concrete_Tiles_M.uasset" 912
"../../../../unreal projects/Escape/Content/StarterContent/Textures/T_Concrete_Tiles_N.uasset" 913
"../../../../unreal projects/Escape/Content/StarterContent/Textures/T_Concrete_Tiles_Variation_M.uasset" 914
"../../../../unreal projects/Escape/Content/StarterContent/Materials/M_Concrete_Tiles.uasset" 915
"../../../../unreal projects/Escape/Content/StarterContent/Textures/T_Ground_Grass_D.uasset" 916
"../../../../unreal projects/Escape/Content/StarterContent/Textures/T_Ground_Grass_N.uasset" 917
"../../../../unreal projects/Escape/Content/StarterContent/Materials/M_Ground_Grass.uasset" 918
"../../../../unreal projects/Escape/Content/StarterContent/Textures/T_Ground_Gravel_D.uasset" 919
"../../../../unreal projects/Escape/Content/StarterContent/Textures/T_Ground_Gravel_N.uasset" 920
"../../../../unreal projects/Escape/Content/StarterContent/Materials/M_Ground_Gravel.uasset" 921
"../../../../unreal projects/Escape/Content/StarterContent/Textures/T_ground_Moss_D.uasset" 922
"../../../../unreal projects/Escape/Content/StarterContent/Textures/T_Ground_Moss_N.uasset" 923
"../../../../unreal projects/Escape/Content/StarterContent/Materials/M_Ground_Moss.uasset" 924
"../../../../unreal projects/Escape/Content/StarterContent/Materials/M_Metal_Chrome.uasset" 925
"../../../../unreal projects/Escape/Content/StarterContent/Textures/T_Metal_Gold_D.uasset" 926
"../../../../unreal projects/Escape/Content/StarterContent/Materials/M_Metal_Gold.uasset" 927
"../../../../unreal projects/Escape/Content/StarterContent/Textures/T_Metal_Rust_D.uasset" 928
"../../../../unreal projects/Escape/Content/StarterContent/Materials/M_Metal_Rust.uasset" 929
"../../../../unreal projects/Escape/Content/StarterContent/Textures/T_Metal_Steel_D.uasset" 930
"../../../../unreal projects/Escape/Content/StarterContent/Textures/T_Metal_Steel_N.uasset" 931
"../../../../unreal projects/Escape/Content/StarterContent/Materials/M_Metal_Steel.uasset" 932
"../../../../unreal projects/Escape/Content/StarterContent/Textures/T_Rock_Basalt_N.uasset" 933
"../../../../unreal projects/Escape/Content/StarterContent/Materials/M_Rock_Basalt.uasset" 934
"../../../../unreal projects/Escape/Content/StarterContent/Materials/M_Rock_Marble_Polished.uasset" 935
"../../../../unreal projects/Escape/Content/StarterContent/Textures/T_Rock_Sandstone_D.uasset" 936
"../../../../unreal projects/Escape/Content/StarterContent/Textures/T_Rock_Sandstone_N.uasset" 937
"../../../../unreal projects/Escape/Content/StarterContent/Materials/M_Rock_Sandstone.uasset" 938
"../../../../unreal projects/Escape/Content/StarterContent/Textures/T_Rock_Slate_D.uasset" 939
"../../../../unreal projects/Escape/Content/StarterContent/Textures/T_Rock_Slate_N.uasset" 940
"../../../../unreal projects/Escape/Content/StarterContent/Materials/M_Rock_Slate.uasset" 941
"../../../../unreal projects/Escape/Content/StarterContent/Textures/T_Checker_Noise_M.uasset" 942
"../../../../unreal projects/Escape/Content/StarterContent/Textures/T_Single_Tile_N.uasset" 943
"../../../../unreal projects/Escape/Content/StarterContent/Textures/T_Tech_Dot_M.uasset" 944
"../../../../unreal projects/Escape/Content/StarterContent/Textures/T_Tech_Dot_N.uasset" 945
"../../../../unreal projects/Escape/Content/StarterContent/Materials/M_Tech_Checker_Dot.uasset" 946
"../../../../unreal projects/Escape/Content/StarterContent/Textures/T_Tech_Hex_Tile_M.uasset" 947
"../../../../unreal projects/Escape/Content/StarterContent/Textures/T_Tech_Hex_Tile_N.uasset" 948
"../../../../unreal projects/Escape/Content/StarterContent/Materials/M_Tech_Hex_Tile.uasset" 949
"../../../../unreal projects/Escape/Content/StarterContent/Materials/M_Tech_Hex_Tile_Pulse.uasset" 950
"../../../../unreal projects/Escape/Content/StarterContent/Textures/T_Tech_Panel_M.uasset" 951
"../../../../unreal projects/Escape/Content/StarterContent/Textures/T_Tech_Panel_N.uasset" 952
"../../../../unreal projects/Escape/Content/StarterContent/Materials/M_Tech_Panel.uasset" 953
"../../../../unreal projects/Escape/Content/StarterContent/Materials/M_Water_Lake.uasset" 954
"../../../../unreal projects/Escape/Content/StarterContent/Textures/T_Water_M.uasset" 955
"../../../../unreal projects/Escape/Content/StarterContent/Materials/M_Water_Ocean.uasset" 956
"../../../../unreal projects/Escape/Content/StarterContent/Textures/T_Wood_Floor_Walnut_D.uasset" 957
"../../../../unreal projects/Escape/Content/StarterContent/Textures/T_Wood_Floor_Walnut_M.uasset" 958
"../../../../unreal projects/Escape/Content/StarterContent/Textures/T_Wood_Floor_Walnut_N.uasset" 959
"../../../../unreal projects/Escape/Content/StarterContent/Materials/M_Wood_Floor_Walnut_Polished.uasset" 960
"../../../Engine/Content/Functions/Engine_MaterialFunctions01/Opacity/AlphaOffset.uasset" 961
"../../../../unreal projects/Escape/Content/StarterContent/Materials/M_Wood_Floor_Walnut_Worn.uasset" 962
"../../../../unreal projects/Escape/Content/StarterContent/Textures/T_Wood_Pine_D.uasset" 963
"../../../../unreal projects/Escape/Content/StarterContent/Textures/T_Wood_Pine_N.uasset" 964
"../../../../unreal projects/Escape/Content/StarterContent/Materials/M_Wood_Pine.uasset" 965
"../../../../unreal projects/Escape/Content/StarterContent/Textures/T_Wood_Walnut_D.uasset" 966
"../../../../unreal projects/Escape/Content/StarterContent/Textures/T_Wood_Walnut_N.uasset" 967
"../../../../unreal projects/Escape/Content/StarterContent/Materials/M_Wood_Walnut.uasset" 968
"../../../../unreal projects/Escape/Content/StarterContent/Architecture/Wall_400x200.uasset" 969
"../../../../unreal projects/Escape/Content/StarterContent/Architecture/Wall_Door_400x300.uasset" 970
"../../../../unreal projects/Escape/Content/StarterContent/Architecture/Wall_Window_400x300.uasset" 971
"../../../../unreal projects/Escape/Content/StarterContent/Audio/Collapse_Cue.uasset" 972
"../../../../unreal projects/Escape/Content/StarterContent/Audio/Starter_Music_Cue.uasset" 973
"../../../../unreal projects/Escape/Content/StarterContent/Textures/T_Dust_Particle_D.uasset" 974
"../../../../unreal projects/Escape/Content/StarterContent/Particles/Materials/M_Dust_Particle.uasset" 975
"../../../../unreal projects/Escape/Content/StarterContent/Particles/P_Ambient_Dust.uasset" 976
"../../../../unreal projects/Escape/Content/StarterContent/Props/MaterialSphere.uasset" 977
"../../../../unreal projects/Escape/Content/StarterContent/Props/SM_CornerFrame.uasset" 978
"../../../../unreal projects/Escape/Content/StarterContent/Props/SM_GlassWindow.uasset" 979
"../../../../unreal projects/Escape/Content/StarterContent/Props/SM_PillarFrame.uasset" 980
"../../../../unreal projects/Escape/Content/StarterContent/Props/SM_PillarFrame300.uasset" 981
"../../../../unreal projects/Escape/Content/StarterContent/Props/SM_WindowFrame.uasset" 982
"../../../../unreal projects/Escape/Content/StarterContent/Shapes/Shape_Cube.uasset" 983
"../../../../unreal projects/Escape/Content/StarterContent/Shapes/Shape_QuadPyramid.uasset" 984
"../../../../unreal projects/Escape/Content/StarterContent/Shapes/Shape_Sphere.uasset" 985
"../../../../unreal projects/Escape/Content/StarterContent/Maps/StarterMap.umap" 986
"../../../Engine/Content/Maps/Entry_BuiltData.uasset" 987
"../../../Engine/Content/Maps/Entry.umap" 988
